[2024-09-16T14:51:26.088289-03:00] app_logger.DEBUG: Execução de Action {"controller":{"App\\Controllers\\IndexController":[]},"action":"IIndex","params":[]} []
[2024-09-16T14:51:45.783971-03:00] app_logger.DEBUG: Execução de Action {"controller":{"App\\Controllers\\IndexController":[]},"action":"IProjects","params":[]} []
[2024-09-16T14:53:40.141564-03:00] app_logger.DEBUG: Execução de Action {"controller":{"App\\Controllers\\IndexController":[]},"action":"IProjects","params":[]} []
[2024-09-16T14:54:02.158549-03:00] app_logger.DEBUG: Execução de Action {"controller":{"App\\Controllers\\IndexController":[]},"action":"IIndex","params":[]} []
[2024-09-16T14:54:59.039311-03:00] app_logger.DEBUG: Execução de Action {"controller":{"App\\Controllers\\IndexController":[]},"action":"IIndex","params":[]} []
[2024-09-16T14:55:06.499669-03:00] app_logger.DEBUG: Execução de Action {"controller":{"App\\Controllers\\IndexController":[]},"action":"IIndex","params":[]} []
[2024-09-16T14:55:09.239101-03:00] app_logger.DEBUG: Execução de Action {"controller":{"App\\Controllers\\IndexController":[]},"action":"IIndex","params":[]} []
[2024-09-16T14:55:09.619183-03:00] app_logger.DEBUG: Execução de Action {"controller":{"App\\Controllers\\IndexController":[]},"action":"IProjects","params":[]} []
[2024-09-16T14:55:10.079316-03:00] app_logger.DEBUG: Execução de Action {"controller":{"App\\Controllers\\IndexController":[]},"action":"IIndex","params":[]} []
[2024-09-16T14:55:11.024102-03:00] app_logger.DEBUG: Execução de Action {"controller":{"App\\Controllers\\IndexController":[]},"action":"IIndex","params":[]} []
[2024-09-16T14:55:11.501025-03:00] app_logger.DEBUG: Execução de Action {"controller":{"App\\Controllers\\IndexController":[]},"action":"IProjects","params":[]} []
[2024-09-16T14:55:11.931506-03:00] app_logger.DEBUG: Execução de Action {"controller":{"App\\Controllers\\IndexController":[]},"action":"IIndex","params":[]} []
[2024-09-16T14:55:12.599506-03:00] app_logger.DEBUG: Execução de Action {"controller":{"App\\Controllers\\IndexController":[]},"action":"IIndex","params":[]} []
[2024-09-16T14:55:14.882549-03:00] app_logger.DEBUG: Execução de Action {"controller":{"App\\Controllers\\IndexController":[]},"action":"IIndex","params":[]} []
[2024-09-16T15:27:11.078865-03:00] app_logger.DEBUG: Execução de Action {"controller":{"App\\Controllers\\IndexController":[]},"action":"IIndex","params":[]} []
[2024-09-16T15:31:59.072280-03:00] app_logger.DEBUG: Execução de Action {"controller":{"App\\Controllers\\IndexController":[]},"action":"IIndex","params":[]} []
[2024-09-16T15:32:02.254396-03:00] app_logger.DEBUG: Execução de Action {"controller":{"App\\Controllers\\IndexController":[]},"action":"IIndex","params":[]} []
[2024-09-16T15:34:45.687000-03:00] app_logger.DEBUG: Execução de Action {"controller":{"App\\Controllers\\IndexController":[]},"action":"IIndex","params":[]} []
[2024-09-16T15:34:55.716975-03:00] app_logger.DEBUG: Execução de Action {"controller":{"App\\Controllers\\IndexController":[]},"action":"IIndex","params":[]} []
[2024-09-16T15:34:56.299026-03:00] app_logger.DEBUG: Execução de Action {"controller":{"App\\Controllers\\IndexController":[]},"action":"IIndex","params":[]} []
[2024-09-16T15:35:04.872195-03:00] app_logger.DEBUG: Execução de Action {"controller":{"App\\Controllers\\IndexController":[]},"action":"IIndex","params":[]} []
[2024-09-16T15:35:06.924807-03:00] app_logger.DEBUG: Execução de Action {"controller":{"App\\Controllers\\IndexController":[]},"action":"IIndex","params":[]} []
[2024-09-16T15:35:12.824252-03:00] app_logger.DEBUG: Execução de Action {"controller":{"App\\Controllers\\IndexController":[]},"action":"IIndex","params":[]} []
[2024-09-16T15:35:26.685309-03:00] app_logger.DEBUG: Execução de Action {"controller":{"App\\Controllers\\IndexController":[]},"action":"IIndex","params":[]} []
[2024-09-16T15:35:27.177704-03:00] app_logger.DEBUG: Execução de Action {"controller":{"App\\Controllers\\IndexController":[]},"action":"IIndex","params":[]} []
[2024-09-16T15:35:27.339533-03:00] app_logger.DEBUG: Execução de Action {"controller":{"App\\Controllers\\IndexController":[]},"action":"IIndex","params":[]} []
[2024-09-16T15:35:27.501541-03:00] app_logger.DEBUG: Execução de Action {"controller":{"App\\Controllers\\IndexController":[]},"action":"IIndex","params":[]} []
[2024-09-16T15:35:27.639275-03:00] app_logger.DEBUG: Execução de Action {"controller":{"App\\Controllers\\IndexController":[]},"action":"IIndex","params":[]} []
[2024-09-16T15:35:28.432244-03:00] app_logger.DEBUG: Execução de Action {"controller":{"App\\Controllers\\IndexController":[]},"action":"IIndex","params":[]} []
[2024-09-16T15:36:26.536531-03:00] app_logger.DEBUG: Execução de Action {"controller":{"App\\Controllers\\IndexController":[]},"action":"IIndex","params":[]} []
[2024-09-16T15:36:27.374551-03:00] app_logger.DEBUG: Execução de Action {"controller":{"App\\Controllers\\IndexController":[]},"action":"IIndex","params":[]} []
[2024-09-16T15:36:27.537875-03:00] app_logger.DEBUG: Execução de Action {"controller":{"App\\Controllers\\IndexController":[]},"action":"IIndex","params":[]} []
[2024-09-16T15:36:27.718688-03:00] app_logger.DEBUG: Execução de Action {"controller":{"App\\Controllers\\IndexController":[]},"action":"IIndex","params":[]} []
[2024-09-16T15:36:31.246781-03:00] app_logger.DEBUG: Execução de Action {"controller":{"App\\Controllers\\IndexController":[]},"action":"IIndex","params":[]} []
[2024-09-16T15:36:31.458360-03:00] app_logger.DEBUG: Execução de Action {"controller":{"App\\Controllers\\IndexController":[]},"action":"IIndex","params":[]} []
[2024-09-16T15:36:31.647307-03:00] app_logger.DEBUG: Execução de Action {"controller":{"App\\Controllers\\IndexController":[]},"action":"IIndex","params":[]} []
[2024-09-16T15:36:31.795868-03:00] app_logger.DEBUG: Execução de Action {"controller":{"App\\Controllers\\IndexController":[]},"action":"IIndex","params":[]} []
[2024-09-16T15:36:32.001715-03:00] app_logger.DEBUG: Execução de Action {"controller":{"App\\Controllers\\IndexController":[]},"action":"IIndex","params":[]} []
[2024-09-16T15:36:51.312987-03:00] app_logger.DEBUG: Execução de Action {"controller":{"App\\Controllers\\IndexController":[]},"action":"IIndex","params":[]} []
[2024-09-16T15:37:51.407005-03:00] app_logger.DEBUG: Execução de Action {"controller":{"App\\Controllers\\IndexController":[]},"action":"IIndex","params":[]} []
[2024-09-16T15:37:52.523114-03:00] app_logger.DEBUG: Execução de Action {"controller":{"App\\Controllers\\IndexController":[]},"action":"IIndex","params":[]} []
[2024-09-16T15:38:09.061915-03:00] app_logger.DEBUG: Execução de Action {"controller":{"App\\Controllers\\IndexController":[]},"action":"IIndex","params":[]} []
[2024-09-16T15:39:59.113591-03:00] app_logger.DEBUG: Execução de Action {"controller":{"App\\Controllers\\IndexController":[]},"action":"IIndex","params":[]} []
[2024-09-16T15:43:07.477242-03:00] app_logger.DEBUG: Execução de Action {"controller":{"App\\Controllers\\IndexController":[]},"action":"IIndex","params":[]} []
[2024-09-16T15:43:14.260209-03:00] app_logger.DEBUG: Execução de Action {"controller":{"App\\Controllers\\IndexController":[]},"action":"IIndex","params":[]} []
[2024-09-16T15:43:14.789496-03:00] app_logger.DEBUG: Execução de Action {"controller":{"App\\Controllers\\IndexController":[]},"action":"IIndex","params":[]} []
[2024-09-16T15:43:14.972792-03:00] app_logger.DEBUG: Execução de Action {"controller":{"App\\Controllers\\IndexController":[]},"action":"IIndex","params":[]} []
[2024-09-16T15:43:45.990151-03:00] app_logger.DEBUG: Execução de Action {"controller":{"App\\Controllers\\IndexController":[]},"action":"IIndex","params":[]} []
[2024-09-16T15:43:46.482200-03:00] app_logger.DEBUG: Execução de Action {"controller":{"App\\Controllers\\IndexController":[]},"action":"IIndex","params":[]} []
[2024-09-16T15:43:46.647077-03:00] app_logger.DEBUG: Execução de Action {"controller":{"App\\Controllers\\IndexController":[]},"action":"IIndex","params":[]} []
[2024-09-16T15:43:46.811204-03:00] app_logger.DEBUG: Execução de Action {"controller":{"App\\Controllers\\IndexController":[]},"action":"IIndex","params":[]} []
[2024-09-16T15:43:46.940835-03:00] app_logger.DEBUG: Execução de Action {"controller":{"App\\Controllers\\IndexController":[]},"action":"IIndex","params":[]} []
[2024-09-16T15:43:49.492314-03:00] app_logger.DEBUG: Execução de Action {"controller":{"App\\Controllers\\IndexController":[]},"action":"IIndex","params":[]} []
[2024-09-16T15:43:50.138972-03:00] app_logger.DEBUG: Execução de Action {"controller":{"App\\Controllers\\IndexController":[]},"action":"IIndex","params":[]} []
[2024-09-16T15:50:33.587342-03:00] app_logger.DEBUG: Execução de Action {"controller":{"App\\Controllers\\IndexController":[]},"action":"IIndex","params":[]} []
[2024-09-16T15:50:41.770905-03:00] app_logger.DEBUG: Execução de Action {"controller":{"App\\Controllers\\IndexController":[]},"action":"IIndex","params":[]} []
[2024-09-16T15:52:56.843266-03:00] app_logger.DEBUG: Execução de Action {"controller":{"App\\Controllers\\IndexController":[]},"action":"IIndex","params":[]} []
[2024-09-16T15:53:07.683367-03:00] app_logger.DEBUG: Execução de Action {"controller":{"App\\Controllers\\IndexController":[]},"action":"IIndex","params":[]} []
[2024-09-16T15:54:10.776786-03:00] app_logger.DEBUG: Execução de Action {"controller":{"App\\Controllers\\IndexController":[]},"action":"IIndex","params":[]} []
[2024-09-16T15:54:27.629491-03:00] app_logger.DEBUG: Execução de Action {"controller":{"App\\Controllers\\IndexController":[]},"action":"IIndex","params":[]} []
[2024-09-16T15:55:16.728968-03:00] app_logger.DEBUG: Execução de Action {"controller":{"App\\Controllers\\IndexController":[]},"action":"IIndex","params":[]} []
[2024-09-16T15:55:21.654085-03:00] app_logger.DEBUG: Execução de Action {"controller":{"App\\Controllers\\IndexController":[]},"action":"IIndex","params":[]} []
[2024-09-16T15:55:54.098543-03:00] app_logger.DEBUG: Execução de Action {"controller":{"App\\Controllers\\IndexController":[]},"action":"IIndex","params":[]} []
[2024-09-16T15:56:19.350229-03:00] app_logger.DEBUG: Execução de Action {"controller":{"App\\Controllers\\IndexController":[]},"action":"IIndex","params":[]} []
[2024-09-16T15:58:54.278912-03:00] app_logger.DEBUG: Execução de Action {"controller":{"App\\Controllers\\IndexController":[]},"action":"IIndex","params":[]} []
[2024-09-16T15:58:55.632529-03:00] app_logger.DEBUG: Execução de Action {"controller":{"App\\Controllers\\IndexController":[]},"action":"IProjects","params":[]} []
[2024-09-16T15:58:59.433342-03:00] app_logger.DEBUG: Execução de Action {"controller":{"App\\Controllers\\IndexController":[]},"action":"IIndex","params":[]} []
[2024-09-16T16:01:33.547627-03:00] app_logger.DEBUG: Execução de Action {"controller":{"App\\Controllers\\IndexController":[]},"action":"IIndex","params":[]} []
[2024-09-16T16:01:37.455924-03:00] app_logger.DEBUG: Execução de Action {"controller":{"App\\Controllers\\IndexController":[]},"action":"IProjects","params":[]} []
[2024-09-16T16:02:20.390138-03:00] app_logger.DEBUG: Execução de Action {"controller":{"App\\Controllers\\IndexController":[]},"action":"IProjects","params":[]} []
[2024-09-16T16:02:20.529423-03:00] app_logger.DEBUG: Execução de Action {"controller":{"App\\Controllers\\IndexController":[]},"action":"IProjects","params":[]} []
[2024-09-16T16:02:20.690682-03:00] app_logger.DEBUG: Execução de Action {"controller":{"App\\Controllers\\IndexController":[]},"action":"IProjects","params":[]} []
[2024-09-16T16:02:41.887878-03:00] app_logger.DEBUG: Execução de Action {"controller":{"App\\Controllers\\IndexController":[]},"action":"IIndex","params":[]} []
[2024-09-16T16:02:43.392056-03:00] app_logger.DEBUG: Execução de Action {"controller":{"App\\Controllers\\IndexController":[]},"action":"IProjects","params":[]} []
[2024-09-16T16:02:44.137132-03:00] app_logger.DEBUG: Execução de Action {"controller":{"App\\Controllers\\IndexController":[]},"action":"IIndex","params":[]} []
[2024-09-16T16:03:10.243060-03:00] app_logger.DEBUG: Execução de Action {"controller":{"App\\Controllers\\IndexController":[]},"action":"IIndex","params":[]} []
[2024-09-16T16:03:11.359780-03:00] app_logger.DEBUG: Execução de Action {"controller":{"App\\Controllers\\IndexController":[]},"action":"IProjects","params":[]} []
[2024-09-16T16:04:22.528406-03:00] app_logger.DEBUG: Execução de Action {"controller":{"App\\Controllers\\IndexController":[]},"action":"IIndex","params":[]} []
[2024-09-16T16:05:13.588035-03:00] app_logger.DEBUG: Execução de Action {"controller":{"App\\Controllers\\IndexController":[]},"action":"IIndex","params":[]} []
[2024-09-16T16:05:19.358724-03:00] app_logger.DEBUG: Execução de Action {"controller":{"App\\Controllers\\IndexController":[]},"action":"IIndex","params":[]} []
[2024-09-16T16:05:39.045325-03:00] app_logger.DEBUG: Execução de Action {"controller":{"App\\Controllers\\IndexController":[]},"action":"IIndex","params":[]} []
[2024-09-16T16:05:39.185263-03:00] app_logger.DEBUG: Execução de Action {"controller":{"App\\Controllers\\IndexController":[]},"action":"IIndex","params":[]} []
[2024-09-16T16:05:39.336249-03:00] app_logger.DEBUG: Execução de Action {"controller":{"App\\Controllers\\IndexController":[]},"action":"IIndex","params":[]} []
[2024-09-16T16:05:40.060270-03:00] app_logger.DEBUG: Execução de Action {"controller":{"App\\Controllers\\IndexController":[]},"action":"IProjects","params":[]} []
[2024-09-16T16:05:52.478360-03:00] app_logger.DEBUG: Execução de Action {"controller":{"App\\Controllers\\IndexController":[]},"action":"IProjects","params":[]} []
[2024-09-16T16:06:22.912017-03:00] app_logger.DEBUG: Execução de Action {"controller":{"App\\Controllers\\IndexController":[]},"action":"IHome","params":[]} []
[2024-09-16T16:06:23.755451-03:00] app_logger.DEBUG: Execução de Action {"controller":{"App\\Controllers\\IndexController":[]},"action":"IHome","params":[]} []
[2024-09-16T16:06:23.918998-03:00] app_logger.DEBUG: Execução de Action {"controller":{"App\\Controllers\\IndexController":[]},"action":"IHome","params":[]} []
[2024-09-16T16:06:24.099791-03:00] app_logger.DEBUG: Execução de Action {"controller":{"App\\Controllers\\IndexController":[]},"action":"IHome","params":[]} []
[2024-09-16T16:06:24.217765-03:00] app_logger.DEBUG: Execução de Action {"controller":{"App\\Controllers\\IndexController":[]},"action":"IHome","params":[]} []
[2024-09-16T16:06:29.161690-03:00] app_logger.DEBUG: Execução de Action {"controller":{"App\\Controllers\\IndexController":[]},"action":"IHome","params":[]} []
[2024-09-16T16:06:31.947375-03:00] app_logger.DEBUG: Execução de Action {"controller":{"App\\Controllers\\IndexController":[]},"action":"IProjects","params":[]} []
[2024-09-16T16:06:32.817535-03:00] app_logger.DEBUG: Execução de Action {"controller":{"App\\Controllers\\IndexController":[]},"action":"IHome","params":[]} []
[2024-09-16T16:06:33.762331-03:00] app_logger.DEBUG: Execução de Action {"controller":{"App\\Controllers\\IndexController":[]},"action":"IProjects","params":[]} []
[2024-09-16T16:06:34.481192-03:00] app_logger.DEBUG: Execução de Action {"controller":{"App\\Controllers\\IndexController":[]},"action":"IHome","params":[]} []
[2024-09-16T16:06:35.032938-03:00] app_logger.DEBUG: Execução de Action {"controller":{"App\\Controllers\\IndexController":[]},"action":"IProjects","params":[]} []
[2024-09-16T16:06:35.674265-03:00] app_logger.DEBUG: Execução de Action {"controller":{"App\\Controllers\\IndexController":[]},"action":"IHome","params":[]} []
[2024-09-16T16:06:36.266915-03:00] app_logger.DEBUG: Execução de Action {"controller":{"App\\Controllers\\IndexController":[]},"action":"IProjects","params":[]} []
[2024-09-16T16:06:36.828267-03:00] app_logger.DEBUG: Execução de Action {"controller":{"App\\Controllers\\IndexController":[]},"action":"IHome","params":[]} []
[2024-09-16T16:07:13.276362-03:00] app_logger.DEBUG: Execução de Action {"controller":{"App\\Controllers\\IndexController":[]},"action":"IHome","params":[]} []
[2024-09-16T16:07:28.965780-03:00] app_logger.DEBUG: Execução de Action {"controller":{"App\\Controllers\\IndexController":[]},"action":"IHome","params":[]} []
[2024-09-16T16:07:30.503759-03:00] app_logger.DEBUG: Execução de Action {"controller":{"App\\Controllers\\IndexController":[]},"action":"IContact","params":[]} []
[2024-09-16T16:07:43.163278-03:00] app_logger.DEBUG: Execução de Action {"controller":{"App\\Controllers\\IndexController":[]},"action":"IContact","params":[]} []
[2024-09-16T16:07:45.322197-03:00] app_logger.DEBUG: Execução de Action {"controller":{"App\\Controllers\\IndexController":[]},"action":"IHome","params":[]} []
[2024-09-16T16:07:46.689649-03:00] app_logger.DEBUG: Execução de Action {"controller":{"App\\Controllers\\IndexController":[]},"action":"IProjects","params":[]} []
[2024-09-16T16:07:47.738065-03:00] app_logger.DEBUG: Execução de Action {"controller":{"App\\Controllers\\IndexController":[]},"action":"IContact","params":[]} []
[2024-09-16T16:08:05.080638-03:00] app_logger.DEBUG: Execução de Action {"controller":{"App\\Controllers\\IndexController":[]},"action":"IContact","params":[]} []
[2024-09-16T16:08:05.761347-03:00] app_logger.DEBUG: Execução de Action {"controller":{"App\\Controllers\\IndexController":[]},"action":"IContact","params":[]} []
[2024-09-16T16:08:09.836749-03:00] app_logger.DEBUG: Execução de Action {"controller":{"App\\Controllers\\IndexController":[]},"action":"IContact","params":[]} []
[2024-09-16T16:08:11.551816-03:00] app_logger.DEBUG: Execução de Action {"controller":{"App\\Controllers\\IndexController":[]},"action":"IHome","params":[]} []
[2024-09-16T16:08:12.304379-03:00] app_logger.DEBUG: Execução de Action {"controller":{"App\\Controllers\\IndexController":[]},"action":"IProjects","params":[]} []
[2024-09-16T16:08:12.976059-03:00] app_logger.DEBUG: Execução de Action {"controller":{"App\\Controllers\\IndexController":[]},"action":"IContact","params":[]} []
[2024-09-16T16:08:15.088286-03:00] app_logger.DEBUG: Execução de Action {"controller":{"App\\Controllers\\IndexController":[]},"action":"IContact","params":[]} []
[2024-09-16T16:08:15.617418-03:00] app_logger.DEBUG: Execução de Action {"controller":{"App\\Controllers\\IndexController":[]},"action":"IContact","params":[]} []
[2024-09-16T16:08:16.041749-03:00] app_logger.DEBUG: Execução de Action {"controller":{"App\\Controllers\\IndexController":[]},"action":"IContact","params":[]} []
[2024-09-16T16:08:16.090730-03:00] app_logger.DEBUG: Execução de Action {"controller":{"App\\Controllers\\IndexController":[]},"action":"IContact","params":[]} []
[2024-09-16T16:08:16.485939-03:00] app_logger.DEBUG: Execução de Action {"controller":{"App\\Controllers\\IndexController":[]},"action":"IContact","params":[]} []
[2024-09-16T16:08:23.800843-03:00] app_logger.DEBUG: Execução de Action {"controller":{"App\\Controllers\\IndexController":[]},"action":"IContact","params":[]} []
[2024-09-16T16:08:24.404606-03:00] app_logger.DEBUG: Execução de Action {"controller":{"App\\Controllers\\IndexController":[]},"action":"IContact","params":[]} []
[2024-09-16T16:08:24.599014-03:00] app_logger.DEBUG: Execução de Action {"controller":{"App\\Controllers\\IndexController":[]},"action":"IContact","params":[]} []
[2024-09-16T16:08:25.835485-03:00] app_logger.DEBUG: Execução de Action {"controller":{"App\\Controllers\\IndexController":[]},"action":"IContact","params":[]} []
[2024-09-16T16:08:27.749330-03:00] app_logger.DEBUG: Execução de Action {"controller":{"App\\Controllers\\IndexController":[]},"action":"IProjects","params":[]} []
[2024-09-16T16:08:28.793538-03:00] app_logger.DEBUG: Execução de Action {"controller":{"App\\Controllers\\IndexController":[]},"action":"IHome","params":[]} []
[2024-09-16T16:08:29.656914-03:00] app_logger.DEBUG: Execução de Action {"controller":{"App\\Controllers\\IndexController":[]},"action":"IProjects","params":[]} []
[2024-09-16T16:08:30.347863-03:00] app_logger.DEBUG: Execução de Action {"controller":{"App\\Controllers\\IndexController":[]},"action":"IContact","params":[]} []
[2024-09-16T16:08:31.003273-03:00] app_logger.DEBUG: Execução de Action {"controller":{"App\\Controllers\\IndexController":[]},"action":"IHome","params":[]} []
[2024-09-16T16:08:31.528426-03:00] app_logger.DEBUG: Execução de Action {"controller":{"App\\Controllers\\IndexController":[]},"action":"IContact","params":[]} []
[2024-09-16T16:08:49.385621-03:00] app_logger.DEBUG: Execução de Action {"controller":{"App\\Controllers\\IndexController":[]},"action":"IHome","params":[]} []
[2024-09-16T16:08:50.389228-03:00] app_logger.DEBUG: Execução de Action {"controller":{"App\\Controllers\\IndexController":[]},"action":"IHome","params":[]} []
[2024-09-16T16:08:51.946015-03:00] app_logger.DEBUG: Execução de Action {"controller":{"App\\Controllers\\IndexController":[]},"action":"IContact","params":[]} []
[2024-09-16T16:08:54.942595-03:00] app_logger.DEBUG: Execução de Action {"controller":{"App\\Controllers\\IndexController":[]},"action":"IProjects","params":[]} []
[2024-09-16T16:08:56.668347-03:00] app_logger.DEBUG: Execução de Action {"controller":{"App\\Controllers\\IndexController":[]},"action":"IContact","params":[]} []
[2024-09-16T16:09:13.660328-03:00] app_logger.DEBUG: Execução de Action {"controller":{"App\\Controllers\\IndexController":[]},"action":"IContact","params":[]} []
[2024-09-16T16:09:14.653740-03:00] app_logger.DEBUG: Execução de Action {"controller":{"App\\Controllers\\IndexController":[]},"action":"IContact","params":[]} []
[2024-09-16T16:09:15.397393-03:00] app_logger.DEBUG: Execução de Action {"controller":{"App\\Controllers\\IndexController":[]},"action":"IContact","params":[]} []
[2024-09-16T16:10:22.093810-03:00] app_logger.DEBUG: Execução de Action {"controller":{"App\\Controllers\\IndexController":[]},"action":"IHome","params":[]} []
[2024-09-16T16:10:22.897563-03:00] app_logger.DEBUG: Execução de Action {"controller":{"App\\Controllers\\IndexController":[]},"action":"IProjects","params":[]} []
[2024-09-16T16:10:23.689226-03:00] app_logger.DEBUG: Execução de Action {"controller":{"App\\Controllers\\IndexController":[]},"action":"IContact","params":[]} []
[2024-09-16T16:11:57.624042-03:00] app_logger.DEBUG: Execução de Action {"controller":{"App\\Controllers\\IndexController":[]},"action":"IContact","params":[]} []
[2024-09-16T16:11:58.773024-03:00] app_logger.DEBUG: Execução de Action {"controller":{"App\\Controllers\\IndexController":[]},"action":"IHome","params":[]} []
[2024-09-16T16:12:58.548908-03:00] app_logger.DEBUG: Execução de Action {"controller":{"App\\Controllers\\IndexController":[]},"action":"IHome","params":[]} []
[2024-09-16T16:12:59.804208-03:00] app_logger.DEBUG: Execução de Action {"controller":{"App\\Controllers\\IndexController":[]},"action":"IHome","params":[]} []
[2024-09-16T16:13:00.958457-03:00] app_logger.DEBUG: Execução de Action {"controller":{"App\\Controllers\\IndexController":[]},"action":"IHome","params":[]} []
[2024-09-16T16:13:24.633384-03:00] app_logger.DEBUG: Execução de Action {"controller":{"App\\Controllers\\IndexController":[]},"action":"IHome","params":[]} []
[2024-09-16T16:14:58.906512-03:00] app_logger.DEBUG: Execução de Action {"controller":{"App\\Controllers\\IndexController":[]},"action":"IHome","params":[]} []
[2024-09-16T16:18:18.180685-03:00] app_logger.DEBUG: Execução de Action {"controller":{"App\\Controllers\\IndexController":[]},"action":"IHome","params":[]} []
[2024-09-16T16:18:41.350562-03:00] app_logger.DEBUG: Execução de Action {"controller":{"App\\Controllers\\IndexController":[]},"action":"IHome","params":[]} []
[2024-09-16T16:18:56.108114-03:00] app_logger.DEBUG: Execução de Action {"controller":{"App\\Controllers\\IndexController":[]},"action":"IHome","params":[]} []
[2024-09-16T16:19:57.823212-03:00] app_logger.DEBUG: Execução de Action {"controller":{"App\\Controllers\\IndexController":[]},"action":"IHome","params":[]} []
[2024-09-16T16:20:02.399558-03:00] app_logger.DEBUG: Execução de Action {"controller":{"App\\Controllers\\IndexController":[]},"action":"IHome","params":[]} []
[2024-09-16T16:20:12.977803-03:00] app_logger.DEBUG: Execução de Action {"controller":{"App\\Controllers\\IndexController":[]},"action":"IHome","params":[]} []
[2024-09-16T16:20:13.140093-03:00] app_logger.DEBUG: Execução de Action {"controller":{"App\\Controllers\\IndexController":[]},"action":"IHome","params":[]} []
[2024-09-16T16:20:13.307163-03:00] app_logger.DEBUG: Execução de Action {"controller":{"App\\Controllers\\IndexController":[]},"action":"IHome","params":[]} []
[2024-09-16T16:20:13.436066-03:00] app_logger.DEBUG: Execução de Action {"controller":{"App\\Controllers\\IndexController":[]},"action":"IHome","params":[]} []
[2024-09-16T16:20:13.578568-03:00] app_logger.DEBUG: Execução de Action {"controller":{"App\\Controllers\\IndexController":[]},"action":"IHome","params":[]} []
[2024-09-16T16:20:13.712230-03:00] app_logger.DEBUG: Execução de Action {"controller":{"App\\Controllers\\IndexController":[]},"action":"IHome","params":[]} []
[2024-09-16T16:20:13.844941-03:00] app_logger.DEBUG: Execução de Action {"controller":{"App\\Controllers\\IndexController":[]},"action":"IHome","params":[]} []
[2024-09-16T16:20:13.986447-03:00] app_logger.DEBUG: Execução de Action {"controller":{"App\\Controllers\\IndexController":[]},"action":"IHome","params":[]} []
[2024-09-16T16:20:14.165930-03:00] app_logger.DEBUG: Execução de Action {"controller":{"App\\Controllers\\IndexController":[]},"action":"IHome","params":[]} []
[2024-09-16T16:20:14.308451-03:00] app_logger.DEBUG: Execução de Action {"controller":{"App\\Controllers\\IndexController":[]},"action":"IHome","params":[]} []
[2024-09-16T16:20:14.460778-03:00] app_logger.DEBUG: Execução de Action {"controller":{"App\\Controllers\\IndexController":[]},"action":"IHome","params":[]} []
[2024-09-16T16:20:14.596406-03:00] app_logger.DEBUG: Execução de Action {"controller":{"App\\Controllers\\IndexController":[]},"action":"IHome","params":[]} []
[2024-09-16T16:20:14.722016-03:00] app_logger.DEBUG: Execução de Action {"controller":{"App\\Controllers\\IndexController":[]},"action":"IHome","params":[]} []
[2024-09-16T16:20:14.856807-03:00] app_logger.DEBUG: Execução de Action {"controller":{"App\\Controllers\\IndexController":[]},"action":"IHome","params":[]} []
[2024-09-16T16:20:15.009385-03:00] app_logger.DEBUG: Execução de Action {"controller":{"App\\Controllers\\IndexController":[]},"action":"IHome","params":[]} []
[2024-09-16T16:20:15.170927-03:00] app_logger.DEBUG: Execução de Action {"controller":{"App\\Controllers\\IndexController":[]},"action":"IHome","params":[]} []
[2024-09-16T16:20:15.282343-03:00] app_logger.DEBUG: Execução de Action {"controller":{"App\\Controllers\\IndexController":[]},"action":"IHome","params":[]} []
[2024-09-16T16:20:15.460766-03:00] app_logger.DEBUG: Execução de Action {"controller":{"App\\Controllers\\IndexController":[]},"action":"IHome","params":[]} []
[2024-09-16T16:20:15.606161-03:00] app_logger.DEBUG: Execução de Action {"controller":{"App\\Controllers\\IndexController":[]},"action":"IHome","params":[]} []
[2024-09-16T16:20:15.761656-03:00] app_logger.DEBUG: Execução de Action {"controller":{"App\\Controllers\\IndexController":[]},"action":"IHome","params":[]} []
[2024-09-16T16:20:15.912479-03:00] app_logger.DEBUG: Execução de Action {"controller":{"App\\Controllers\\IndexController":[]},"action":"IHome","params":[]} []
[2024-09-16T16:20:16.064369-03:00] app_logger.DEBUG: Execução de Action {"controller":{"App\\Controllers\\IndexController":[]},"action":"IHome","params":[]} []
[2024-09-16T16:20:19.982187-03:00] app_logger.DEBUG: Execução de Action {"controller":{"App\\Controllers\\IndexController":[]},"action":"IHome","params":[]} []
[2024-09-16T16:20:21.406556-03:00] app_logger.DEBUG: Execução de Action {"controller":{"App\\Controllers\\IndexController":[]},"action":"IHome","params":[]} []
[2024-09-16T16:20:21.560739-03:00] app_logger.DEBUG: Execução de Action {"controller":{"App\\Controllers\\IndexController":[]},"action":"IHome","params":[]} []
[2024-09-16T16:20:21.710497-03:00] app_logger.DEBUG: Execução de Action {"controller":{"App\\Controllers\\IndexController":[]},"action":"IHome","params":[]} []
[2024-09-16T16:20:21.861010-03:00] app_logger.DEBUG: Execução de Action {"controller":{"App\\Controllers\\IndexController":[]},"action":"IHome","params":[]} []
[2024-09-16T16:20:21.989920-03:00] app_logger.DEBUG: Execução de Action {"controller":{"App\\Controllers\\IndexController":[]},"action":"IHome","params":[]} []
[2024-09-16T16:20:32.487456-03:00] app_logger.DEBUG: Execução de Action {"controller":{"App\\Controllers\\IndexController":[]},"action":"IHome","params":[]} []
[2024-09-16T16:20:32.927952-03:00] app_logger.DEBUG: Execução de Action {"controller":{"App\\Controllers\\IndexController":[]},"action":"IHome","params":[]} []
[2024-09-16T16:20:33.120194-03:00] app_logger.DEBUG: Execução de Action {"controller":{"App\\Controllers\\IndexController":[]},"action":"IHome","params":[]} []
[2024-09-16T16:20:33.340838-03:00] app_logger.DEBUG: Execução de Action {"controller":{"App\\Controllers\\IndexController":[]},"action":"IHome","params":[]} []
[2024-09-16T16:20:33.475327-03:00] app_logger.DEBUG: Execução de Action {"controller":{"App\\Controllers\\IndexController":[]},"action":"IHome","params":[]} []
[2024-09-16T16:20:33.659972-03:00] app_logger.DEBUG: Execução de Action {"controller":{"App\\Controllers\\IndexController":[]},"action":"IHome","params":[]} []
[2024-09-16T16:20:33.838212-03:00] app_logger.DEBUG: Execução de Action {"controller":{"App\\Controllers\\IndexController":[]},"action":"IHome","params":[]} []
[2024-09-16T16:20:34.030669-03:00] app_logger.DEBUG: Execução de Action {"controller":{"App\\Controllers\\IndexController":[]},"action":"IHome","params":[]} []
[2024-09-16T16:20:34.215211-03:00] app_logger.DEBUG: Execução de Action {"controller":{"App\\Controllers\\IndexController":[]},"action":"IHome","params":[]} []
[2024-09-16T16:22:00.852077-03:00] app_logger.DEBUG: Execução de Action {"controller":{"App\\Controllers\\IndexController":[]},"action":"IHome","params":[]} []
[2024-09-16T16:22:01.551756-03:00] app_logger.DEBUG: Execução de Action {"controller":{"App\\Controllers\\IndexController":[]},"action":"IHome","params":[]} []
[2024-09-16T16:22:02.145158-03:00] app_logger.DEBUG: Execução de Action {"controller":{"App\\Controllers\\IndexController":[]},"action":"IHome","params":[]} []
[2024-09-16T16:22:03.067463-03:00] app_logger.DEBUG: Execução de Action {"controller":{"App\\Controllers\\IndexController":[]},"action":"IHome","params":[]} []
[2024-09-16T16:22:03.222526-03:00] app_logger.DEBUG: Execução de Action {"controller":{"App\\Controllers\\IndexController":[]},"action":"IHome","params":[]} []
[2024-09-16T16:22:03.376653-03:00] app_logger.DEBUG: Execução de Action {"controller":{"App\\Controllers\\IndexController":[]},"action":"IHome","params":[]} []
[2024-09-16T16:22:03.517474-03:00] app_logger.DEBUG: Execução de Action {"controller":{"App\\Controllers\\IndexController":[]},"action":"IHome","params":[]} []
[2024-09-16T16:22:03.678740-03:00] app_logger.DEBUG: Execução de Action {"controller":{"App\\Controllers\\IndexController":[]},"action":"IHome","params":[]} []
[2024-09-16T16:22:03.813868-03:00] app_logger.DEBUG: Execução de Action {"controller":{"App\\Controllers\\IndexController":[]},"action":"IHome","params":[]} []
[2024-09-16T16:22:36.036263-03:00] app_logger.DEBUG: Execução de Action {"controller":{"App\\Controllers\\IndexController":[]},"action":"IHome","params":[]} []
[2024-09-16T16:22:36.196481-03:00] app_logger.DEBUG: Execução de Action {"controller":{"App\\Controllers\\IndexController":[]},"action":"IHome","params":[]} []
[2024-09-16T16:22:50.860997-03:00] app_logger.DEBUG: Execução de Action {"controller":{"App\\Controllers\\IndexController":[]},"action":"IHome","params":[]} []
[2024-09-16T16:22:51.432565-03:00] app_logger.DEBUG: Execução de Action {"controller":{"App\\Controllers\\IndexController":[]},"action":"IHome","params":[]} []
[2024-09-16T16:22:51.687202-03:00] app_logger.DEBUG: Execução de Action {"controller":{"App\\Controllers\\IndexController":[]},"action":"IHome","params":[]} []
[2024-09-16T16:22:55.046627-03:00] app_logger.DEBUG: Execução de Action {"controller":{"App\\Controllers\\IndexController":[]},"action":"IHome","params":[]} []
[2024-09-16T16:22:55.257091-03:00] app_logger.DEBUG: Execução de Action {"controller":{"App\\Controllers\\IndexController":[]},"action":"IHome","params":[]} []
[2024-09-16T16:22:55.414701-03:00] app_logger.DEBUG: Execução de Action {"controller":{"App\\Controllers\\IndexController":[]},"action":"IHome","params":[]} []
[2024-09-16T16:22:55.566340-03:00] app_logger.DEBUG: Execução de Action {"controller":{"App\\Controllers\\IndexController":[]},"action":"IHome","params":[]} []
[2024-09-16T16:23:52.827958-03:00] app_logger.DEBUG: Execução de Action {"controller":{"App\\Controllers\\IndexController":[]},"action":"IHome","params":[]} []
[2024-09-16T16:23:53.313843-03:00] app_logger.DEBUG: Execução de Action {"controller":{"App\\Controllers\\IndexController":[]},"action":"IHome","params":[]} []
[2024-09-16T16:23:53.462272-03:00] app_logger.DEBUG: Execução de Action {"controller":{"App\\Controllers\\IndexController":[]},"action":"IHome","params":[]} []
[2024-09-16T16:23:53.621626-03:00] app_logger.DEBUG: Execução de Action {"controller":{"App\\Controllers\\IndexController":[]},"action":"IHome","params":[]} []
[2024-09-16T16:23:54.611033-03:00] app_logger.DEBUG: Execução de Action {"controller":{"App\\Controllers\\IndexController":[]},"action":"IHome","params":[]} []
[2024-09-16T16:23:55.022332-03:00] app_logger.DEBUG: Execução de Action {"controller":{"App\\Controllers\\IndexController":[]},"action":"IHome","params":[]} []
[2024-09-16T16:23:55.459663-03:00] app_logger.DEBUG: Execução de Action {"controller":{"App\\Controllers\\IndexController":[]},"action":"IHome","params":[]} []
[2024-09-16T16:24:10.878565-03:00] app_logger.DEBUG: Execução de Action {"controller":{"App\\Controllers\\IndexController":[]},"action":"IHome","params":[]} []
[2024-09-16T16:24:11.458124-03:00] app_logger.DEBUG: Execução de Action {"controller":{"App\\Controllers\\IndexController":[]},"action":"IProjects","params":[]} []
[2024-09-16T16:24:12.164453-03:00] app_logger.DEBUG: Execução de Action {"controller":{"App\\Controllers\\IndexController":[]},"action":"IContact","params":[]} []
[2024-09-16T16:24:13.033861-03:00] app_logger.DEBUG: Execução de Action {"controller":{"App\\Controllers\\IndexController":[]},"action":"IHome","params":[]} []
[2024-09-16T16:24:31.207445-03:00] app_logger.DEBUG: Execução de Action {"controller":{"App\\Controllers\\IndexController":[]},"action":"IHome","params":[]} []
[2024-09-16T16:24:31.529655-03:00] app_logger.DEBUG: Execução de Action {"controller":{"App\\Controllers\\IndexController":[]},"action":"IHome","params":[]} []
[2024-09-16T16:24:31.683231-03:00] app_logger.DEBUG: Execução de Action {"controller":{"App\\Controllers\\IndexController":[]},"action":"IHome","params":[]} []
[2024-09-16T16:24:31.837276-03:00] app_logger.DEBUG: Execução de Action {"controller":{"App\\Controllers\\IndexController":[]},"action":"IHome","params":[]} []
[2024-09-16T16:24:31.998722-03:00] app_logger.DEBUG: Execução de Action {"controller":{"App\\Controllers\\IndexController":[]},"action":"IHome","params":[]} []
[2024-09-16T16:24:32.150271-03:00] app_logger.DEBUG: Execução de Action {"controller":{"App\\Controllers\\IndexController":[]},"action":"IHome","params":[]} []
[2024-09-16T16:24:32.316941-03:00] app_logger.DEBUG: Execução de Action {"controller":{"App\\Controllers\\IndexController":[]},"action":"IHome","params":[]} []
[2024-09-16T16:24:32.476195-03:00] app_logger.DEBUG: Execução de Action {"controller":{"App\\Controllers\\IndexController":[]},"action":"IHome","params":[]} []
[2024-09-16T16:24:32.647529-03:00] app_logger.DEBUG: Execução de Action {"controller":{"App\\Controllers\\IndexController":[]},"action":"IHome","params":[]} []
[2024-09-16T16:25:03.492323-03:00] app_logger.DEBUG: Execução de Action {"controller":{"App\\Controllers\\IndexController":[]},"action":"IHome","params":[]} []
[2024-09-16T16:25:03.929460-03:00] app_logger.DEBUG: Execução de Action {"controller":{"App\\Controllers\\IndexController":[]},"action":"IHome","params":[]} []
[2024-09-16T16:25:04.125718-03:00] app_logger.DEBUG: Execução de Action {"controller":{"App\\Controllers\\IndexController":[]},"action":"IHome","params":[]} []
[2024-09-16T16:25:04.303884-03:00] app_logger.DEBUG: Execução de Action {"controller":{"App\\Controllers\\IndexController":[]},"action":"IHome","params":[]} []
[2024-09-16T16:25:05.089136-03:00] app_logger.DEBUG: Execução de Action {"controller":{"App\\Controllers\\IndexController":[]},"action":"IHome","params":[]} []
[2024-09-16T16:25:05.300377-03:00] app_logger.DEBUG: Execução de Action {"controller":{"App\\Controllers\\IndexController":[]},"action":"IHome","params":[]} []
[2024-09-16T16:25:05.502231-03:00] app_logger.DEBUG: Execução de Action {"controller":{"App\\Controllers\\IndexController":[]},"action":"IHome","params":[]} []
[2024-09-16T16:25:05.756913-03:00] app_logger.DEBUG: Execução de Action {"controller":{"App\\Controllers\\IndexController":[]},"action":"IHome","params":[]} []
[2024-09-16T16:25:05.954162-03:00] app_logger.DEBUG: Execução de Action {"controller":{"App\\Controllers\\IndexController":[]},"action":"IHome","params":[]} []
[2024-09-16T16:25:06.157686-03:00] app_logger.DEBUG: Execução de Action {"controller":{"App\\Controllers\\IndexController":[]},"action":"IHome","params":[]} []
[2024-09-16T16:25:06.359942-03:00] app_logger.DEBUG: Execução de Action {"controller":{"App\\Controllers\\IndexController":[]},"action":"IHome","params":[]} []
[2024-09-16T16:25:06.585439-03:00] app_logger.DEBUG: Execução de Action {"controller":{"App\\Controllers\\IndexController":[]},"action":"IHome","params":[]} []
[2024-09-16T16:25:06.791175-03:00] app_logger.DEBUG: Execução de Action {"controller":{"App\\Controllers\\IndexController":[]},"action":"IHome","params":[]} []
[2024-09-16T16:25:06.976505-03:00] app_logger.DEBUG: Execução de Action {"controller":{"App\\Controllers\\IndexController":[]},"action":"IHome","params":[]} []
[2024-09-16T16:25:07.153094-03:00] app_logger.DEBUG: Execução de Action {"controller":{"App\\Controllers\\IndexController":[]},"action":"IHome","params":[]} []
[2024-09-16T16:25:07.317465-03:00] app_logger.DEBUG: Execução de Action {"controller":{"App\\Controllers\\IndexController":[]},"action":"IHome","params":[]} []
[2024-09-16T16:25:07.490644-03:00] app_logger.DEBUG: Execução de Action {"controller":{"App\\Controllers\\IndexController":[]},"action":"IHome","params":[]} []
[2024-09-16T16:25:07.647096-03:00] app_logger.DEBUG: Execução de Action {"controller":{"App\\Controllers\\IndexController":[]},"action":"IHome","params":[]} []
[2024-09-16T16:25:07.804499-03:00] app_logger.DEBUG: Execução de Action {"controller":{"App\\Controllers\\IndexController":[]},"action":"IHome","params":[]} []
[2024-09-16T16:25:16.028686-03:00] app_logger.DEBUG: Execução de Action {"controller":{"App\\Controllers\\IndexController":[]},"action":"IHome","params":[]} []
[2024-09-16T16:25:16.304751-03:00] app_logger.DEBUG: Execução de Action {"controller":{"App\\Controllers\\IndexController":[]},"action":"IHome","params":[]} []
[2024-09-16T16:25:16.519385-03:00] app_logger.DEBUG: Execução de Action {"controller":{"App\\Controllers\\IndexController":[]},"action":"IHome","params":[]} []
[2024-09-16T16:25:16.694842-03:00] app_logger.DEBUG: Execução de Action {"controller":{"App\\Controllers\\IndexController":[]},"action":"IHome","params":[]} []
[2024-09-16T16:25:16.886951-03:00] app_logger.DEBUG: Execução de Action {"controller":{"App\\Controllers\\IndexController":[]},"action":"IHome","params":[]} []
[2024-09-16T16:25:21.720686-03:00] app_logger.DEBUG: Execução de Action {"controller":{"App\\Controllers\\IndexController":[]},"action":"IHome","params":[]} []
[2024-09-16T16:25:21.913524-03:00] app_logger.DEBUG: Execução de Action {"controller":{"App\\Controllers\\IndexController":[]},"action":"IHome","params":[]} []
[2024-09-16T16:25:22.070615-03:00] app_logger.DEBUG: Execução de Action {"controller":{"App\\Controllers\\IndexController":[]},"action":"IHome","params":[]} []
[2024-09-16T16:25:22.221474-03:00] app_logger.DEBUG: Execução de Action {"controller":{"App\\Controllers\\IndexController":[]},"action":"IHome","params":[]} []
[2024-09-16T16:25:23.007679-03:00] app_logger.DEBUG: Execução de Action {"controller":{"App\\Controllers\\IndexController":[]},"action":"IHome","params":[]} []
[2024-09-16T16:25:23.153625-03:00] app_logger.DEBUG: Execução de Action {"controller":{"App\\Controllers\\IndexController":[]},"action":"IHome","params":[]} []
[2024-09-16T16:25:23.301879-03:00] app_logger.DEBUG: Execução de Action {"controller":{"App\\Controllers\\IndexController":[]},"action":"IHome","params":[]} []
[2024-09-16T16:25:23.420895-03:00] app_logger.DEBUG: Execução de Action {"controller":{"App\\Controllers\\IndexController":[]},"action":"IHome","params":[]} []
[2024-09-16T16:25:23.588017-03:00] app_logger.DEBUG: Execução de Action {"controller":{"App\\Controllers\\IndexController":[]},"action":"IHome","params":[]} []
[2024-09-16T16:25:23.749071-03:00] app_logger.DEBUG: Execução de Action {"controller":{"App\\Controllers\\IndexController":[]},"action":"IHome","params":[]} []
[2024-09-16T16:25:23.900496-03:00] app_logger.DEBUG: Execução de Action {"controller":{"App\\Controllers\\IndexController":[]},"action":"IHome","params":[]} []
[2024-09-16T16:25:55.873803-03:00] app_logger.DEBUG: Execução de Action {"controller":{"App\\Controllers\\IndexController":[]},"action":"IHome","params":[]} []
[2024-09-16T16:25:56.195610-03:00] app_logger.DEBUG: Execução de Action {"controller":{"App\\Controllers\\IndexController":[]},"action":"IHome","params":[]} []
[2024-09-16T16:25:56.405824-03:00] app_logger.DEBUG: Execução de Action {"controller":{"App\\Controllers\\IndexController":[]},"action":"IHome","params":[]} []
[2024-09-16T16:25:56.570880-03:00] app_logger.DEBUG: Execução de Action {"controller":{"App\\Controllers\\IndexController":[]},"action":"IHome","params":[]} []
[2024-09-16T16:25:56.713072-03:00] app_logger.DEBUG: Execução de Action {"controller":{"App\\Controllers\\IndexController":[]},"action":"IHome","params":[]} []
[2024-09-16T16:25:56.892498-03:00] app_logger.DEBUG: Execução de Action {"controller":{"App\\Controllers\\IndexController":[]},"action":"IHome","params":[]} []
[2024-09-16T16:25:57.872087-03:00] app_logger.DEBUG: Execução de Action {"controller":{"App\\Controllers\\IndexController":[]},"action":"IHome","params":[]} []
[2024-09-16T16:25:58.239933-03:00] app_logger.DEBUG: Execução de Action {"controller":{"App\\Controllers\\IndexController":[]},"action":"IHome","params":[]} []
[2024-09-16T16:25:58.452426-03:00] app_logger.DEBUG: Execução de Action {"controller":{"App\\Controllers\\IndexController":[]},"action":"IHome","params":[]} []
[2024-09-16T16:25:58.620220-03:00] app_logger.DEBUG: Execução de Action {"controller":{"App\\Controllers\\IndexController":[]},"action":"IHome","params":[]} []
[2024-09-16T16:25:58.764686-03:00] app_logger.DEBUG: Execução de Action {"controller":{"App\\Controllers\\IndexController":[]},"action":"IHome","params":[]} []
[2024-09-16T16:25:58.898094-03:00] app_logger.DEBUG: Execução de Action {"controller":{"App\\Controllers\\IndexController":[]},"action":"IHome","params":[]} []
[2024-09-16T16:25:58.997366-03:00] app_logger.DEBUG: Execução de Action {"controller":{"App\\Controllers\\IndexController":[]},"action":"IHome","params":[]} []
[2024-09-16T16:25:59.106653-03:00] app_logger.DEBUG: Execução de Action {"controller":{"App\\Controllers\\IndexController":[]},"action":"IHome","params":[]} []
[2024-09-16T16:25:59.210424-03:00] app_logger.DEBUG: Execução de Action {"controller":{"App\\Controllers\\IndexController":[]},"action":"IHome","params":[]} []
[2024-09-16T16:25:59.307495-03:00] app_logger.DEBUG: Execução de Action {"controller":{"App\\Controllers\\IndexController":[]},"action":"IHome","params":[]} []
[2024-09-16T16:25:59.429117-03:00] app_logger.DEBUG: Execução de Action {"controller":{"App\\Controllers\\IndexController":[]},"action":"IHome","params":[]} []
[2024-09-16T16:25:59.520951-03:00] app_logger.DEBUG: Execução de Action {"controller":{"App\\Controllers\\IndexController":[]},"action":"IHome","params":[]} []
[2024-09-16T16:26:54.144144-03:00] app_logger.DEBUG: Execução de Action {"controller":{"App\\Controllers\\IndexController":[]},"action":"IHome","params":[]} []
[2024-09-16T16:28:09.614189-03:00] app_logger.DEBUG: Execução de Action {"controller":{"App\\Controllers\\IndexController":[]},"action":"IHome","params":[]} []
[2024-09-16T16:29:05.381409-03:00] app_logger.DEBUG: Execução de Action {"controller":{"App\\Controllers\\IndexController":[]},"action":"IHome","params":[]} []
[2024-09-16T16:29:06.194641-03:00] app_logger.DEBUG: Execução de Action {"controller":{"App\\Controllers\\IndexController":[]},"action":"IHome","params":[]} []
[2024-09-16T16:29:07.370490-03:00] app_logger.DEBUG: Execução de Action {"controller":{"App\\Controllers\\IndexController":[]},"action":"IHome","params":[]} []
[2024-09-16T16:29:07.518587-03:00] app_logger.DEBUG: Execução de Action {"controller":{"App\\Controllers\\IndexController":[]},"action":"IHome","params":[]} []
[2024-09-16T16:29:07.696453-03:00] app_logger.DEBUG: Execução de Action {"controller":{"App\\Controllers\\IndexController":[]},"action":"IHome","params":[]} []
[2024-09-16T16:29:07.821916-03:00] app_logger.DEBUG: Execução de Action {"controller":{"App\\Controllers\\IndexController":[]},"action":"IHome","params":[]} []
[2024-09-16T16:29:13.977546-03:00] app_logger.DEBUG: Execução de Action {"controller":{"App\\Controllers\\IndexController":[]},"action":"IHome","params":[]} []
[2024-09-16T16:29:19.202806-03:00] app_logger.DEBUG: Execução de Action {"controller":{"App\\Controllers\\IndexController":[]},"action":"IHome","params":[]} []
[2024-09-16T16:32:17.440087-03:00] app_logger.DEBUG: Execução de Action {"controller":{"App\\Controllers\\IndexController":[]},"action":"IHome","params":[]} []
[2024-09-16T16:32:17.786198-03:00] app_logger.DEBUG: Execução de Action {"controller":{"App\\Controllers\\IndexController":[]},"action":"IHome","params":[]} []
[2024-09-16T16:32:17.957254-03:00] app_logger.DEBUG: Execução de Action {"controller":{"App\\Controllers\\IndexController":[]},"action":"IHome","params":[]} []
[2024-09-16T16:33:37.627728-03:00] app_logger.DEBUG: Execução de Action {"controller":{"App\\Controllers\\IndexController":[]},"action":"IHome","params":[]} []
[2024-09-17T10:10:00.965778-03:00] app_logger.DEBUG: Execução de Action {"controller":{"App\\Controllers\\IndexController":[]},"action":"IIndex","params":[]} []
[2024-09-17T10:11:25.444340-03:00] app_logger.DEBUG: Execução de Action {"controller":{"App\\Controllers\\IndexController":[]},"action":"IIndex","params":[]} []
[2024-09-17T10:11:26.079272-03:00] app_logger.DEBUG: Execução de Action {"controller":{"App\\Controllers\\IndexController":[]},"action":"IIndex","params":[]} []
[2024-09-17T10:11:26.526070-03:00] app_logger.DEBUG: Execução de Action {"controller":{"App\\Controllers\\IndexController":[]},"action":"IIndex","params":[]} []
[2024-09-17T10:11:26.909391-03:00] app_logger.DEBUG: Execução de Action {"controller":{"App\\Controllers\\IndexController":[]},"action":"IIndex","params":[]} []
[2024-09-17T10:11:27.221916-03:00] app_logger.DEBUG: Execução de Action {"controller":{"App\\Controllers\\IndexController":[]},"action":"IIndex","params":[]} []
[2024-09-17T10:11:27.482620-03:00] app_logger.DEBUG: Execução de Action {"controller":{"App\\Controllers\\IndexController":[]},"action":"IIndex","params":[]} []
[2024-09-17T10:11:33.265301-03:00] app_logger.DEBUG: Execução de Action {"controller":{"App\\Controllers\\IndexController":[]},"action":"IIndex","params":[]} []
[2024-09-17T10:11:33.622508-03:00] app_logger.DEBUG: Execução de Action {"controller":{"App\\Controllers\\IndexController":[]},"action":"IIndex","params":[]} []
[2024-09-17T10:11:47.720868-03:00] app_logger.DEBUG: Execução de Action {"controller":{"App\\Controllers\\IndexController":[]},"action":"IIndex","params":[]} []
[2024-09-17T10:11:50.216987-03:00] app_logger.DEBUG: Execução de Action {"controller":{"App\\Controllers\\IndexController":[]},"action":"IHome","params":[]} []
[2024-09-17T10:11:51.062873-03:00] app_logger.DEBUG: Execução de Action {"controller":{"App\\Controllers\\IndexController":[]},"action":"IProjects","params":[]} []
[2024-09-17T10:11:51.967548-03:00] app_logger.DEBUG: Execução de Action {"controller":{"App\\Controllers\\IndexController":[]},"action":"IContact","params":[]} []
[2024-09-17T10:11:55.515150-03:00] app_logger.DEBUG: Execução de Action {"controller":{"App\\Controllers\\IndexController":[]},"action":"IHome","params":[]} []
[2024-09-17T10:12:06.921714-03:00] app_logger.DEBUG: Execução de Action {"controller":{"App\\Controllers\\IndexController":[]},"action":"IHome","params":[]} []
[2024-09-17T10:12:07.733036-03:00] app_logger.DEBUG: Execução de Action {"controller":{"App\\Controllers\\IndexController":[]},"action":"IHome","params":[]} []
[2024-09-17T10:12:08.117259-03:00] app_logger.DEBUG: Execução de Action {"controller":{"App\\Controllers\\IndexController":[]},"action":"IHome","params":[]} []
[2024-09-17T10:12:08.341421-03:00] app_logger.DEBUG: Execução de Action {"controller":{"App\\Controllers\\IndexController":[]},"action":"IHome","params":[]} []
[2024-09-17T10:12:08.581625-03:00] app_logger.DEBUG: Execução de Action {"controller":{"App\\Controllers\\IndexController":[]},"action":"IHome","params":[]} []
[2024-09-17T10:12:55.940108-03:00] app_logger.DEBUG: Execução de Action {"controller":{"App\\Controllers\\IndexController":[]},"action":"IHome","params":[]} []
[2024-09-17T10:12:56.958158-03:00] app_logger.DEBUG: Execução de Action {"controller":{"App\\Controllers\\IndexController":[]},"action":"IHome","params":[]} []
[2024-09-17T10:12:58.037375-03:00] app_logger.DEBUG: Execução de Action {"controller":{"App\\Controllers\\IndexController":[]},"action":"IHome","params":[]} []
[2024-09-17T10:12:58.373430-03:00] app_logger.DEBUG: Execução de Action {"controller":{"App\\Controllers\\IndexController":[]},"action":"IHome","params":[]} []
[2024-09-17T10:12:58.609838-03:00] app_logger.DEBUG: Execução de Action {"controller":{"App\\Controllers\\IndexController":[]},"action":"IHome","params":[]} []
[2024-09-17T10:12:58.846417-03:00] app_logger.DEBUG: Execução de Action {"controller":{"App\\Controllers\\IndexController":[]},"action":"IHome","params":[]} []
[2024-09-17T10:12:59.074915-03:00] app_logger.DEBUG: Execução de Action {"controller":{"App\\Controllers\\IndexController":[]},"action":"IHome","params":[]} []
[2024-09-17T10:12:59.300905-03:00] app_logger.DEBUG: Execução de Action {"controller":{"App\\Controllers\\IndexController":[]},"action":"IHome","params":[]} []
[2024-09-17T10:12:59.509112-03:00] app_logger.DEBUG: Execução de Action {"controller":{"App\\Controllers\\IndexController":[]},"action":"IHome","params":[]} []
[2024-09-17T10:13:36.805089-03:00] app_logger.DEBUG: Execução de Action {"controller":{"App\\Controllers\\IndexController":[]},"action":"IHome","params":[]} []
[2024-09-17T10:13:47.913855-03:00] app_logger.DEBUG: Execução de Action {"controller":{"App\\Controllers\\IndexController":[]},"action":"IHome","params":[]} []
[2024-09-17T10:13:48.404658-03:00] app_logger.DEBUG: Execução de Action {"controller":{"App\\Controllers\\IndexController":[]},"action":"IHome","params":[]} []
[2024-09-17T10:13:48.602205-03:00] app_logger.DEBUG: Execução de Action {"controller":{"App\\Controllers\\IndexController":[]},"action":"IHome","params":[]} []
[2024-09-17T10:13:49.474324-03:00] app_logger.DEBUG: Execução de Action {"controller":{"App\\Controllers\\IndexController":[]},"action":"IHome","params":[]} []
[2024-09-17T10:13:49.652145-03:00] app_logger.DEBUG: Execução de Action {"controller":{"App\\Controllers\\IndexController":[]},"action":"IHome","params":[]} []
[2024-09-17T10:13:49.809296-03:00] app_logger.DEBUG: Execução de Action {"controller":{"App\\Controllers\\IndexController":[]},"action":"IHome","params":[]} []
[2024-09-17T10:14:19.561946-03:00] app_logger.DEBUG: Execução de Action {"controller":{"App\\Controllers\\IndexController":[]},"action":"IIndex","params":[]} []
[2024-09-17T10:14:21.324114-03:00] app_logger.DEBUG: Execução de Action {"controller":{"App\\Controllers\\IndexController":[]},"action":"IProjects","params":[]} []
[2024-09-17T10:14:22.974808-03:00] app_logger.DEBUG: Execução de Action {"controller":{"App\\Controllers\\IndexController":[]},"action":"IHome","params":[]} []
[2024-09-17T10:14:24.452640-03:00] app_logger.DEBUG: Execução de Action {"controller":{"App\\Controllers\\IndexController":[]},"action":"IProjects","params":[]} []
[2024-09-17T10:14:42.517459-03:00] app_logger.DEBUG: Execução de Action {"controller":{"App\\Controllers\\IndexController":[]},"action":"IIndex","params":[]} []
[2024-09-17T10:14:49.526029-03:00] app_logger.DEBUG: Execução de Action {"controller":{"App\\Controllers\\IndexController":[]},"action":"IIndex","params":[]} []
[2024-09-17T10:14:50.851274-03:00] app_logger.DEBUG: Execução de Action {"controller":{"App\\Controllers\\IndexController":[]},"action":"IIndex","params":[]} []
[2024-09-17T10:14:56.671885-03:00] app_logger.DEBUG: Execução de Action {"controller":{"App\\Controllers\\IndexController":[]},"action":"IIndex","params":[]} []
[2024-09-17T10:14:57.616101-03:00] app_logger.DEBUG: Execução de Action {"controller":{"App\\Controllers\\IndexController":[]},"action":"IProjects","params":[]} []
[2024-09-17T10:15:08.111546-03:00] app_logger.DEBUG: Execução de Action {"controller":{"App\\Controllers\\IndexController":[]},"action":"IHome","params":[]} []
[2024-09-17T10:15:38.044919-03:00] app_logger.DEBUG: Execução de Action {"controller":{"App\\Controllers\\IndexController":[]},"action":"IHome","params":[]} []
[2024-09-17T10:15:39.954918-03:00] app_logger.DEBUG: Execução de Action {"controller":{"App\\Controllers\\IndexController":[]},"action":"IHome","params":[]} []
[2024-09-17T10:15:42.345354-03:00] app_logger.DEBUG: Execução de Action {"controller":{"App\\Controllers\\IndexController":[]},"action":"IHome","params":[]} []
[2024-09-17T10:19:29.211566-03:00] app_logger.DEBUG: Execução de Action {"controller":{"App\\Controllers\\IndexController":[]},"action":"IHome","params":[]} []
[2024-09-17T10:19:32.750449-03:00] app_logger.DEBUG: Execução de Action {"controller":{"App\\Controllers\\IndexController":[]},"action":"IHome","params":[]} []
[2024-09-17T10:19:32.914685-03:00] app_logger.DEBUG: Execução de Action {"controller":{"App\\Controllers\\IndexController":[]},"action":"IHome","params":[]} []
[2024-09-17T10:19:33.063167-03:00] app_logger.DEBUG: Execução de Action {"controller":{"App\\Controllers\\IndexController":[]},"action":"IHome","params":[]} []
[2024-09-17T10:19:33.230913-03:00] app_logger.DEBUG: Execução de Action {"controller":{"App\\Controllers\\IndexController":[]},"action":"IHome","params":[]} []
[2024-09-17T10:19:33.392719-03:00] app_logger.DEBUG: Execução de Action {"controller":{"App\\Controllers\\IndexController":[]},"action":"IHome","params":[]} []
[2024-09-17T10:19:33.550908-03:00] app_logger.DEBUG: Execução de Action {"controller":{"App\\Controllers\\IndexController":[]},"action":"IHome","params":[]} []
[2024-09-17T10:19:33.751060-03:00] app_logger.DEBUG: Execução de Action {"controller":{"App\\Controllers\\IndexController":[]},"action":"IHome","params":[]} []
[2024-09-17T10:22:47.216332-03:00] app_logger.DEBUG: Execução de Action {"controller":{"App\\Controllers\\IndexController":[]},"action":"IHome","params":[]} []
[2024-09-17T10:22:47.929412-03:00] app_logger.DEBUG: Execução de Action {"controller":{"App\\Controllers\\IndexController":[]},"action":"IHome","params":[]} []
[2024-09-17T10:22:49.094016-03:00] app_logger.DEBUG: Execução de Action {"controller":{"App\\Controllers\\IndexController":[]},"action":"IHome","params":[]} []
[2024-09-17T10:22:49.616460-03:00] app_logger.DEBUG: Execução de Action {"controller":{"App\\Controllers\\IndexController":[]},"action":"IHome","params":[]} []
[2024-09-17T10:22:49.773519-03:00] app_logger.DEBUG: Execução de Action {"controller":{"App\\Controllers\\IndexController":[]},"action":"IHome","params":[]} []
[2024-09-17T10:22:49.927365-03:00] app_logger.DEBUG: Execução de Action {"controller":{"App\\Controllers\\IndexController":[]},"action":"IHome","params":[]} []
[2024-09-17T10:22:50.077581-03:00] app_logger.DEBUG: Execução de Action {"controller":{"App\\Controllers\\IndexController":[]},"action":"IHome","params":[]} []
[2024-09-17T10:22:50.260039-03:00] app_logger.DEBUG: Execução de Action {"controller":{"App\\Controllers\\IndexController":[]},"action":"IHome","params":[]} []
[2024-09-17T10:22:50.402454-03:00] app_logger.DEBUG: Execução de Action {"controller":{"App\\Controllers\\IndexController":[]},"action":"IHome","params":[]} []
[2024-09-17T10:23:22.598014-03:00] app_logger.DEBUG: Execução de Action {"controller":{"App\\Controllers\\IndexController":[]},"action":"IHome","params":[]} []
[2024-09-17T10:23:47.374937-03:00] app_logger.DEBUG: Execução de Action {"controller":{"App\\Controllers\\IndexController":[]},"action":"IHome","params":[]} []
[2024-09-17T10:24:23.551033-03:00] app_logger.DEBUG: Execução de Action {"controller":{"App\\Controllers\\IndexController":[]},"action":"IHome","params":[]} []
[2024-09-17T10:43:06.838888-03:00] app_logger.DEBUG: Execução de Action {"controller":{"App\\Controllers\\IndexController":[]},"action":"IHome","params":[]} []
[2024-09-17T10:44:16.325396-03:00] app_logger.DEBUG: Execução de Action {"controller":{"App\\Controllers\\IndexController":[]},"action":"IHome","params":[]} []
[2024-09-17T10:45:24.647386-03:00] app_logger.DEBUG: Execução de Action {"controller":{"App\\Controllers\\IndexController":[]},"action":"IHome","params":[]} []
[2024-09-17T10:45:40.373714-03:00] app_logger.DEBUG: Execução de Action {"controller":{"App\\Controllers\\IndexController":[]},"action":"IHome","params":[]} []
[2024-09-17T10:45:42.892353-03:00] app_logger.DEBUG: Execução de Action {"controller":{"App\\Controllers\\IndexController":[]},"action":"IHome","params":[]} []
[2024-09-17T10:45:43.089910-03:00] app_logger.DEBUG: Execução de Action {"controller":{"App\\Controllers\\IndexController":[]},"action":"IHome","params":[]} []
[2024-09-17T10:45:43.253540-03:00] app_logger.DEBUG: Execução de Action {"controller":{"App\\Controllers\\IndexController":[]},"action":"IHome","params":[]} []
[2024-09-17T10:45:43.393103-03:00] app_logger.DEBUG: Execução de Action {"controller":{"App\\Controllers\\IndexController":[]},"action":"IHome","params":[]} []
[2024-09-17T10:45:43.544550-03:00] app_logger.DEBUG: Execução de Action {"controller":{"App\\Controllers\\IndexController":[]},"action":"IHome","params":[]} []
[2024-09-17T10:45:43.706319-03:00] app_logger.DEBUG: Execução de Action {"controller":{"App\\Controllers\\IndexController":[]},"action":"IHome","params":[]} []
[2024-09-17T10:45:43.880189-03:00] app_logger.DEBUG: Execução de Action {"controller":{"App\\Controllers\\IndexController":[]},"action":"IHome","params":[]} []
[2024-09-17T10:45:44.025068-03:00] app_logger.DEBUG: Execução de Action {"controller":{"App\\Controllers\\IndexController":[]},"action":"IHome","params":[]} []
[2024-09-17T10:45:44.194582-03:00] app_logger.DEBUG: Execução de Action {"controller":{"App\\Controllers\\IndexController":[]},"action":"IHome","params":[]} []
[2024-09-17T10:45:44.356476-03:00] app_logger.DEBUG: Execução de Action {"controller":{"App\\Controllers\\IndexController":[]},"action":"IHome","params":[]} []
[2024-09-17T10:45:44.523952-03:00] app_logger.DEBUG: Execução de Action {"controller":{"App\\Controllers\\IndexController":[]},"action":"IHome","params":[]} []
[2024-09-17T10:45:44.674700-03:00] app_logger.DEBUG: Execução de Action {"controller":{"App\\Controllers\\IndexController":[]},"action":"IHome","params":[]} []
[2024-09-17T10:45:44.845121-03:00] app_logger.DEBUG: Execução de Action {"controller":{"App\\Controllers\\IndexController":[]},"action":"IHome","params":[]} []
[2024-09-17T10:45:44.990573-03:00] app_logger.DEBUG: Execução de Action {"controller":{"App\\Controllers\\IndexController":[]},"action":"IHome","params":[]} []
[2024-09-17T10:45:45.139439-03:00] app_logger.DEBUG: Execução de Action {"controller":{"App\\Controllers\\IndexController":[]},"action":"IHome","params":[]} []
[2024-09-17T10:45:45.314838-03:00] app_logger.DEBUG: Execução de Action {"controller":{"App\\Controllers\\IndexController":[]},"action":"IHome","params":[]} []
[2024-09-17T10:45:45.472083-03:00] app_logger.DEBUG: Execução de Action {"controller":{"App\\Controllers\\IndexController":[]},"action":"IHome","params":[]} []
[2024-09-17T10:45:45.630249-03:00] app_logger.DEBUG: Execução de Action {"controller":{"App\\Controllers\\IndexController":[]},"action":"IHome","params":[]} []
[2024-09-17T10:45:45.790502-03:00] app_logger.DEBUG: Execução de Action {"controller":{"App\\Controllers\\IndexController":[]},"action":"IHome","params":[]} []
[2024-09-17T10:45:45.958735-03:00] app_logger.DEBUG: Execução de Action {"controller":{"App\\Controllers\\IndexController":[]},"action":"IHome","params":[]} []
[2024-09-17T10:45:46.126767-03:00] app_logger.DEBUG: Execução de Action {"controller":{"App\\Controllers\\IndexController":[]},"action":"IHome","params":[]} []
[2024-09-17T10:45:46.295006-03:00] app_logger.DEBUG: Execução de Action {"controller":{"App\\Controllers\\IndexController":[]},"action":"IHome","params":[]} []
[2024-09-17T10:45:46.464183-03:00] app_logger.DEBUG: Execução de Action {"controller":{"App\\Controllers\\IndexController":[]},"action":"IHome","params":[]} []
[2024-09-17T10:45:46.652141-03:00] app_logger.DEBUG: Execução de Action {"controller":{"App\\Controllers\\IndexController":[]},"action":"IHome","params":[]} []
[2024-09-17T10:45:46.828073-03:00] app_logger.DEBUG: Execução de Action {"controller":{"App\\Controllers\\IndexController":[]},"action":"IHome","params":[]} []
[2024-09-17T10:45:47.007672-03:00] app_logger.DEBUG: Execução de Action {"controller":{"App\\Controllers\\IndexController":[]},"action":"IHome","params":[]} []
[2024-09-17T10:45:47.173673-03:00] app_logger.DEBUG: Execução de Action {"controller":{"App\\Controllers\\IndexController":[]},"action":"IHome","params":[]} []
[2024-09-17T10:45:47.351659-03:00] app_logger.DEBUG: Execução de Action {"controller":{"App\\Controllers\\IndexController":[]},"action":"IHome","params":[]} []
[2024-09-17T10:45:47.511862-03:00] app_logger.DEBUG: Execução de Action {"controller":{"App\\Controllers\\IndexController":[]},"action":"IHome","params":[]} []
[2024-09-17T10:45:47.671903-03:00] app_logger.DEBUG: Execução de Action {"controller":{"App\\Controllers\\IndexController":[]},"action":"IHome","params":[]} []
[2024-09-17T10:46:02.912501-03:00] app_logger.DEBUG: Execução de Action {"controller":{"App\\Controllers\\IndexController":[]},"action":"IHome","params":[]} []
[2024-09-17T10:46:03.823395-03:00] app_logger.DEBUG: Execução de Action {"controller":{"App\\Controllers\\IndexController":[]},"action":"IHome","params":[]} []
[2024-09-17T10:46:04.063665-03:00] app_logger.DEBUG: Execução de Action {"controller":{"App\\Controllers\\IndexController":[]},"action":"IHome","params":[]} []
[2024-09-17T10:46:04.224711-03:00] app_logger.DEBUG: Execução de Action {"controller":{"App\\Controllers\\IndexController":[]},"action":"IHome","params":[]} []
[2024-09-17T10:46:04.382472-03:00] app_logger.DEBUG: Execução de Action {"controller":{"App\\Controllers\\IndexController":[]},"action":"IHome","params":[]} []
[2024-09-17T10:46:04.539548-03:00] app_logger.DEBUG: Execução de Action {"controller":{"App\\Controllers\\IndexController":[]},"action":"IHome","params":[]} []
[2024-09-17T10:46:04.698257-03:00] app_logger.DEBUG: Execução de Action {"controller":{"App\\Controllers\\IndexController":[]},"action":"IHome","params":[]} []
[2024-09-17T10:46:04.829387-03:00] app_logger.DEBUG: Execução de Action {"controller":{"App\\Controllers\\IndexController":[]},"action":"IHome","params":[]} []
[2024-09-17T10:46:04.973326-03:00] app_logger.DEBUG: Execução de Action {"controller":{"App\\Controllers\\IndexController":[]},"action":"IHome","params":[]} []
[2024-09-17T10:46:05.139228-03:00] app_logger.DEBUG: Execução de Action {"controller":{"App\\Controllers\\IndexController":[]},"action":"IHome","params":[]} []
[2024-09-17T10:46:05.279794-03:00] app_logger.DEBUG: Execução de Action {"controller":{"App\\Controllers\\IndexController":[]},"action":"IHome","params":[]} []
[2024-09-17T10:46:05.422579-03:00] app_logger.DEBUG: Execução de Action {"controller":{"App\\Controllers\\IndexController":[]},"action":"IHome","params":[]} []
[2024-09-17T10:46:05.557337-03:00] app_logger.DEBUG: Execução de Action {"controller":{"App\\Controllers\\IndexController":[]},"action":"IHome","params":[]} []
[2024-09-17T10:46:05.702007-03:00] app_logger.DEBUG: Execução de Action {"controller":{"App\\Controllers\\IndexController":[]},"action":"IHome","params":[]} []
[2024-09-17T10:46:05.836252-03:00] app_logger.DEBUG: Execução de Action {"controller":{"App\\Controllers\\IndexController":[]},"action":"IHome","params":[]} []
[2024-09-17T10:46:05.978734-03:00] app_logger.DEBUG: Execução de Action {"controller":{"App\\Controllers\\IndexController":[]},"action":"IHome","params":[]} []
[2024-09-17T10:46:06.124270-03:00] app_logger.DEBUG: Execução de Action {"controller":{"App\\Controllers\\IndexController":[]},"action":"IHome","params":[]} []
[2024-09-17T10:46:06.270961-03:00] app_logger.DEBUG: Execução de Action {"controller":{"App\\Controllers\\IndexController":[]},"action":"IHome","params":[]} []
[2024-09-17T10:46:06.421531-03:00] app_logger.DEBUG: Execução de Action {"controller":{"App\\Controllers\\IndexController":[]},"action":"IHome","params":[]} []
[2024-09-17T10:46:06.560970-03:00] app_logger.DEBUG: Execução de Action {"controller":{"App\\Controllers\\IndexController":[]},"action":"IHome","params":[]} []
[2024-09-17T10:46:06.695384-03:00] app_logger.DEBUG: Execução de Action {"controller":{"App\\Controllers\\IndexController":[]},"action":"IHome","params":[]} []
[2024-09-17T10:46:06.855891-03:00] app_logger.DEBUG: Execução de Action {"controller":{"App\\Controllers\\IndexController":[]},"action":"IHome","params":[]} []
[2024-09-17T10:46:07.027955-03:00] app_logger.DEBUG: Execução de Action {"controller":{"App\\Controllers\\IndexController":[]},"action":"IHome","params":[]} []
[2024-09-17T10:46:07.177820-03:00] app_logger.DEBUG: Execução de Action {"controller":{"App\\Controllers\\IndexController":[]},"action":"IHome","params":[]} []
[2024-09-17T10:46:07.338194-03:00] app_logger.DEBUG: Execução de Action {"controller":{"App\\Controllers\\IndexController":[]},"action":"IHome","params":[]} []
[2024-09-17T10:46:07.474723-03:00] app_logger.DEBUG: Execução de Action {"controller":{"App\\Controllers\\IndexController":[]},"action":"IHome","params":[]} []
[2024-09-17T10:46:07.631191-03:00] app_logger.DEBUG: Execução de Action {"controller":{"App\\Controllers\\IndexController":[]},"action":"IHome","params":[]} []
[2024-09-17T10:46:07.776097-03:00] app_logger.DEBUG: Execução de Action {"controller":{"App\\Controllers\\IndexController":[]},"action":"IHome","params":[]} []
[2024-09-17T10:46:07.943565-03:00] app_logger.DEBUG: Execução de Action {"controller":{"App\\Controllers\\IndexController":[]},"action":"IHome","params":[]} []
[2024-09-17T10:46:08.094959-03:00] app_logger.DEBUG: Execução de Action {"controller":{"App\\Controllers\\IndexController":[]},"action":"IHome","params":[]} []
[2024-09-17T10:46:08.258023-03:00] app_logger.DEBUG: Execução de Action {"controller":{"App\\Controllers\\IndexController":[]},"action":"IHome","params":[]} []
[2024-09-17T10:46:08.408817-03:00] app_logger.DEBUG: Execução de Action {"controller":{"App\\Controllers\\IndexController":[]},"action":"IHome","params":[]} []
[2024-09-17T10:46:08.570275-03:00] app_logger.DEBUG: Execução de Action {"controller":{"App\\Controllers\\IndexController":[]},"action":"IHome","params":[]} []
[2024-09-17T10:46:08.746766-03:00] app_logger.DEBUG: Execução de Action {"controller":{"App\\Controllers\\IndexController":[]},"action":"IHome","params":[]} []
[2024-09-17T10:46:08.913412-03:00] app_logger.DEBUG: Execução de Action {"controller":{"App\\Controllers\\IndexController":[]},"action":"IHome","params":[]} []
[2024-09-17T10:46:09.075935-03:00] app_logger.DEBUG: Execução de Action {"controller":{"App\\Controllers\\IndexController":[]},"action":"IHome","params":[]} []
[2024-09-17T10:46:09.244775-03:00] app_logger.DEBUG: Execução de Action {"controller":{"App\\Controllers\\IndexController":[]},"action":"IHome","params":[]} []
[2024-09-17T10:46:09.407115-03:00] app_logger.DEBUG: Execução de Action {"controller":{"App\\Controllers\\IndexController":[]},"action":"IHome","params":[]} []
[2024-09-17T10:46:09.558061-03:00] app_logger.DEBUG: Execução de Action {"controller":{"App\\Controllers\\IndexController":[]},"action":"IHome","params":[]} []
[2024-09-17T10:46:09.708670-03:00] app_logger.DEBUG: Execução de Action {"controller":{"App\\Controllers\\IndexController":[]},"action":"IHome","params":[]} []
[2024-09-17T10:46:09.870443-03:00] app_logger.DEBUG: Execução de Action {"controller":{"App\\Controllers\\IndexController":[]},"action":"IHome","params":[]} []
[2024-09-17T10:46:48.365021-03:00] app_logger.DEBUG: Execução de Action {"controller":{"App\\Controllers\\IndexController":[]},"action":"IProjects","params":[]} []
[2024-09-17T10:46:49.488957-03:00] app_logger.DEBUG: Execução de Action {"controller":{"App\\Controllers\\IndexController":[]},"action":"IHome","params":[]} []
[2024-09-17T10:47:25.458790-03:00] app_logger.DEBUG: Execução de Action {"controller":{"App\\Controllers\\IndexController":[]},"action":"IHome","params":[]} []
[2024-09-17T10:47:35.138730-03:00] app_logger.DEBUG: Execução de Action {"controller":{"App\\Controllers\\IndexController":[]},"action":"IHome","params":[]} []
[2024-09-17T10:47:35.316513-03:00] app_logger.DEBUG: Execução de Action {"controller":{"App\\Controllers\\IndexController":[]},"action":"IHome","params":[]} []
[2024-09-17T10:47:35.459825-03:00] app_logger.DEBUG: Execução de Action {"controller":{"App\\Controllers\\IndexController":[]},"action":"IHome","params":[]} []
[2024-09-17T10:47:35.595636-03:00] app_logger.DEBUG: Execução de Action {"controller":{"App\\Controllers\\IndexController":[]},"action":"IHome","params":[]} []
[2024-09-17T10:47:35.741493-03:00] app_logger.DEBUG: Execução de Action {"controller":{"App\\Controllers\\IndexController":[]},"action":"IHome","params":[]} []
[2024-09-17T10:47:35.885144-03:00] app_logger.DEBUG: Execução de Action {"controller":{"App\\Controllers\\IndexController":[]},"action":"IHome","params":[]} []
[2024-09-17T10:47:36.040440-03:00] app_logger.DEBUG: Execução de Action {"controller":{"App\\Controllers\\IndexController":[]},"action":"IHome","params":[]} []
[2024-09-17T10:47:36.177858-03:00] app_logger.DEBUG: Execução de Action {"controller":{"App\\Controllers\\IndexController":[]},"action":"IHome","params":[]} []
[2024-09-17T10:47:36.323818-03:00] app_logger.DEBUG: Execução de Action {"controller":{"App\\Controllers\\IndexController":[]},"action":"IHome","params":[]} []
[2024-09-17T10:47:36.463319-03:00] app_logger.DEBUG: Execução de Action {"controller":{"App\\Controllers\\IndexController":[]},"action":"IHome","params":[]} []
[2024-09-17T10:48:25.541113-03:00] app_logger.DEBUG: Execução de Action {"controller":{"App\\Controllers\\IndexController":[]},"action":"IHome","params":[]} []
[2024-09-17T10:54:51.377768-03:00] app_logger.DEBUG: Execução de Action {"controller":{"App\\Controllers\\IndexController":[]},"action":"IHome","params":[]} []
[2024-09-17T10:54:52.357645-03:00] app_logger.DEBUG: Execução de Action {"controller":{"App\\Controllers\\IndexController":[]},"action":"IHome","params":[]} []
[2024-09-17T10:54:52.937290-03:00] app_logger.DEBUG: Execução de Action {"controller":{"App\\Controllers\\IndexController":[]},"action":"IHome","params":[]} []
[2024-09-17T10:55:20.897672-03:00] app_logger.DEBUG: Execução de Action {"controller":{"App\\Controllers\\IndexController":[]},"action":"IHome","params":[]} []
[2024-09-17T10:55:21.493440-03:00] app_logger.DEBUG: Execução de Action {"controller":{"App\\Controllers\\IndexController":[]},"action":"IHome","params":[]} []
[2024-09-17T10:55:21.902469-03:00] app_logger.DEBUG: Execução de Action {"controller":{"App\\Controllers\\IndexController":[]},"action":"IHome","params":[]} []
[2024-09-17T10:55:22.104552-03:00] app_logger.DEBUG: Execução de Action {"controller":{"App\\Controllers\\IndexController":[]},"action":"IHome","params":[]} []
[2024-09-17T10:55:22.268635-03:00] app_logger.DEBUG: Execução de Action {"controller":{"App\\Controllers\\IndexController":[]},"action":"IHome","params":[]} []
[2024-09-17T10:55:22.424798-03:00] app_logger.DEBUG: Execução de Action {"controller":{"App\\Controllers\\IndexController":[]},"action":"IHome","params":[]} []
[2024-09-17T10:55:22.582241-03:00] app_logger.DEBUG: Execução de Action {"controller":{"App\\Controllers\\IndexController":[]},"action":"IHome","params":[]} []
[2024-09-17T10:55:22.737690-03:00] app_logger.DEBUG: Execução de Action {"controller":{"App\\Controllers\\IndexController":[]},"action":"IHome","params":[]} []
[2024-09-17T10:55:22.886500-03:00] app_logger.DEBUG: Execução de Action {"controller":{"App\\Controllers\\IndexController":[]},"action":"IHome","params":[]} []
[2024-09-17T10:55:23.028290-03:00] app_logger.DEBUG: Execução de Action {"controller":{"App\\Controllers\\IndexController":[]},"action":"IHome","params":[]} []
[2024-09-17T10:55:23.174708-03:00] app_logger.DEBUG: Execução de Action {"controller":{"App\\Controllers\\IndexController":[]},"action":"IHome","params":[]} []
[2024-09-17T10:55:23.322483-03:00] app_logger.DEBUG: Execução de Action {"controller":{"App\\Controllers\\IndexController":[]},"action":"IHome","params":[]} []
[2024-09-17T10:55:23.468441-03:00] app_logger.DEBUG: Execução de Action {"controller":{"App\\Controllers\\IndexController":[]},"action":"IHome","params":[]} []
[2024-09-17T10:55:23.620453-03:00] app_logger.DEBUG: Execução de Action {"controller":{"App\\Controllers\\IndexController":[]},"action":"IHome","params":[]} []
[2024-09-17T10:55:23.796483-03:00] app_logger.DEBUG: Execução de Action {"controller":{"App\\Controllers\\IndexController":[]},"action":"IHome","params":[]} []
[2024-09-17T10:55:37.965275-03:00] app_logger.DEBUG: Execução de Action {"controller":{"App\\Controllers\\IndexController":[]},"action":"IHome","params":[]} []
[2024-09-17T10:55:39.276815-03:00] app_logger.DEBUG: Execução de Action {"controller":{"App\\Controllers\\IndexController":[]},"action":"IHome","params":[]} []
[2024-09-17T10:55:46.556352-03:00] app_logger.DEBUG: Execução de Action {"controller":{"App\\Controllers\\IndexController":[]},"action":"IHome","params":[]} []
[2024-09-17T10:56:03.334145-03:00] app_logger.DEBUG: Execução de Action {"controller":{"App\\Controllers\\IndexController":[]},"action":"IHome","params":[]} []
[2024-09-17T10:56:04.951488-03:00] app_logger.DEBUG: Execução de Action {"controller":{"App\\Controllers\\IndexController":[]},"action":"IHome","params":[]} []
[2024-09-17T10:56:27.423583-03:00] app_logger.DEBUG: Execução de Action {"controller":{"App\\Controllers\\IndexController":[]},"action":"IHome","params":[]} []
[2024-09-17T10:57:12.215484-03:00] app_logger.DEBUG: Execução de Action {"controller":{"App\\Controllers\\IndexController":[]},"action":"IHome","params":[]} []
[2024-09-17T11:07:58.744638-03:00] app_logger.DEBUG: Execução de Action {"controller":{"App\\Controllers\\IndexController":[]},"action":"IHome","params":[]} []
[2024-09-17T11:08:15.481684-03:00] app_logger.DEBUG: Execução de Action {"controller":{"App\\Controllers\\IndexController":[]},"action":"IHome","params":[]} []
[2024-09-17T11:08:16.734247-03:00] app_logger.DEBUG: Execução de Action {"controller":{"App\\Controllers\\IndexController":[]},"action":"IHome","params":[]} []
[2024-09-17T11:08:16.969465-03:00] app_logger.DEBUG: Execução de Action {"controller":{"App\\Controllers\\IndexController":[]},"action":"IHome","params":[]} []
[2024-09-17T11:08:17.104288-03:00] app_logger.DEBUG: Execução de Action {"controller":{"App\\Controllers\\IndexController":[]},"action":"IHome","params":[]} []
[2024-09-17T11:08:17.686275-03:00] app_logger.DEBUG: Execução de Action {"controller":{"App\\Controllers\\IndexController":[]},"action":"IHome","params":[]} []
[2024-09-17T11:08:17.878750-03:00] app_logger.DEBUG: Execução de Action {"controller":{"App\\Controllers\\IndexController":[]},"action":"IHome","params":[]} []
[2024-09-17T11:08:26.520198-03:00] app_logger.DEBUG: Execução de Action {"controller":{"App\\Controllers\\IndexController":[]},"action":"IHome","params":[]} []
[2024-09-17T11:08:26.713989-03:00] app_logger.DEBUG: Execução de Action {"controller":{"App\\Controllers\\IndexController":[]},"action":"IHome","params":[]} []
[2024-09-17T11:08:26.846775-03:00] app_logger.DEBUG: Execução de Action {"controller":{"App\\Controllers\\IndexController":[]},"action":"IHome","params":[]} []
[2024-09-17T11:08:27.034876-03:00] app_logger.DEBUG: Execução de Action {"controller":{"App\\Controllers\\IndexController":[]},"action":"IHome","params":[]} []
[2024-09-17T11:08:27.206673-03:00] app_logger.DEBUG: Execução de Action {"controller":{"App\\Controllers\\IndexController":[]},"action":"IHome","params":[]} []
[2024-09-17T11:08:27.370795-03:00] app_logger.DEBUG: Execução de Action {"controller":{"App\\Controllers\\IndexController":[]},"action":"IHome","params":[]} []
[2024-09-17T11:08:45.018955-03:00] app_logger.DEBUG: Execução de Action {"controller":{"App\\Controllers\\IndexController":[]},"action":"IHome","params":[]} []
[2024-09-17T11:08:45.231167-03:00] app_logger.DEBUG: Execução de Action {"controller":{"App\\Controllers\\IndexController":[]},"action":"IHome","params":[]} []
[2024-09-17T11:08:45.351501-03:00] app_logger.DEBUG: Execução de Action {"controller":{"App\\Controllers\\IndexController":[]},"action":"IHome","params":[]} []
[2024-09-17T11:08:45.557324-03:00] app_logger.DEBUG: Execução de Action {"controller":{"App\\Controllers\\IndexController":[]},"action":"IHome","params":[]} []
[2024-09-17T11:12:18.220211-03:00] app_logger.DEBUG: Execução de Action {"controller":{"App\\Controllers\\IndexController":[]},"action":"IProjects","params":[]} []
[2024-09-17T11:13:40.451153-03:00] app_logger.DEBUG: Execução de Action {"controller":{"App\\Controllers\\IndexController":[]},"action":"IProjects","params":[]} []
[2024-09-17T11:13:41.389916-03:00] app_logger.DEBUG: Execução de Action {"controller":{"App\\Controllers\\IndexController":[]},"action":"IProjects","params":[]} []
[2024-09-17T11:13:41.608853-03:00] app_logger.DEBUG: Execução de Action {"controller":{"App\\Controllers\\IndexController":[]},"action":"IProjects","params":[]} []
[2024-09-17T11:13:41.843273-03:00] app_logger.DEBUG: Execução de Action {"controller":{"App\\Controllers\\IndexController":[]},"action":"IProjects","params":[]} []
[2024-09-17T11:13:42.036763-03:00] app_logger.DEBUG: Execução de Action {"controller":{"App\\Controllers\\IndexController":[]},"action":"IProjects","params":[]} []
[2024-09-17T11:13:42.191508-03:00] app_logger.DEBUG: Execução de Action {"controller":{"App\\Controllers\\IndexController":[]},"action":"IProjects","params":[]} []
[2024-09-17T11:13:42.360364-03:00] app_logger.DEBUG: Execução de Action {"controller":{"App\\Controllers\\IndexController":[]},"action":"IProjects","params":[]} []
[2024-09-17T11:13:46.808870-03:00] app_logger.DEBUG: Execução de Action {"controller":{"App\\Controllers\\IndexController":[]},"action":"IProjects","params":[]} []
[2024-09-17T11:13:47.367611-03:00] app_logger.DEBUG: Execução de Action {"controller":{"App\\Controllers\\IndexController":[]},"action":"IProjects","params":[]} []
[2024-09-17T11:13:47.619956-03:00] app_logger.DEBUG: Execução de Action {"controller":{"App\\Controllers\\IndexController":[]},"action":"IProjects","params":[]} []
[2024-09-17T11:13:53.836101-03:00] app_logger.DEBUG: Execução de Action {"controller":{"App\\Controllers\\IndexController":[]},"action":"IHome","params":[]} []
[2024-09-17T11:13:56.278712-03:00] app_logger.DEBUG: Execução de Action {"controller":{"App\\Controllers\\IndexController":[]},"action":"IProjects","params":[]} []
[2024-09-17T11:13:57.696326-03:00] app_logger.DEBUG: Execução de Action {"controller":{"App\\Controllers\\IndexController":[]},"action":"IHome","params":[]} []
[2024-09-17T11:14:10.242726-03:00] app_logger.DEBUG: Execução de Action {"controller":{"App\\Controllers\\IndexController":[]},"action":"IProjects","params":[]} []
[2024-09-17T11:14:12.768317-03:00] app_logger.DEBUG: Execução de Action {"controller":{"App\\Controllers\\IndexController":[]},"action":"IHome","params":[]} []
[2024-09-17T11:17:22.673345-03:00] app_logger.DEBUG: Execução de Action {"controller":{"App\\Controllers\\IndexController":[]},"action":"IHome","params":[]} []
[2024-09-17T11:17:25.230054-03:00] app_logger.DEBUG: Execução de Action {"controller":{"App\\Controllers\\IndexController":[]},"action":"IHome","params":[]} []
[2024-09-17T11:19:31.455869-03:00] app_logger.DEBUG: Execução de Action {"controller":{"App\\Controllers\\IndexController":[]},"action":"IHome","params":[]} []
[2024-09-17T11:19:56.362110-03:00] app_logger.DEBUG: Execução de Action {"controller":{"App\\Controllers\\IndexController":[]},"action":"IHome","params":[]} []
[2024-09-17T11:20:08.465954-03:00] app_logger.DEBUG: Execução de Action {"controller":{"App\\Controllers\\IndexController":[]},"action":"IHome","params":[]} []
[2024-09-17T11:20:08.656669-03:00] app_logger.DEBUG: Execução de Action {"controller":{"App\\Controllers\\IndexController":[]},"action":"IHome","params":[]} []
[2024-09-17T11:20:08.814876-03:00] app_logger.DEBUG: Execução de Action {"controller":{"App\\Controllers\\IndexController":[]},"action":"IHome","params":[]} []
[2024-09-17T11:20:40.824714-03:00] app_logger.DEBUG: Execução de Action {"controller":{"App\\Controllers\\IndexController":[]},"action":"IHome","params":[]} []
[2024-09-17T11:20:41.953164-03:00] app_logger.DEBUG: Execução de Action {"controller":{"App\\Controllers\\IndexController":[]},"action":"IProjects","params":[]} []
[2024-09-17T11:20:50.977368-03:00] app_logger.DEBUG: Execução de Action {"controller":{"App\\Controllers\\IndexController":[]},"action":"IProjects","params":[]} []
[2024-09-17T11:20:51.504908-03:00] app_logger.DEBUG: Execução de Action {"controller":{"App\\Controllers\\IndexController":[]},"action":"IProjects","params":[]} []
[2024-09-17T11:20:51.689716-03:00] app_logger.DEBUG: Execução de Action {"controller":{"App\\Controllers\\IndexController":[]},"action":"IProjects","params":[]} []
[2024-09-17T11:20:51.834637-03:00] app_logger.DEBUG: Execução de Action {"controller":{"App\\Controllers\\IndexController":[]},"action":"IProjects","params":[]} []
[2024-09-17T11:20:52.853291-03:00] app_logger.DEBUG: Execução de Action {"controller":{"App\\Controllers\\IndexController":[]},"action":"IProjects","params":[]} []
[2024-09-17T11:20:53.062547-03:00] app_logger.DEBUG: Execução de Action {"controller":{"App\\Controllers\\IndexController":[]},"action":"IProjects","params":[]} []
[2024-09-17T11:21:19.133374-03:00] app_logger.DEBUG: Execução de Action {"controller":{"App\\Controllers\\IndexController":[]},"action":"IProjects","params":[]} []
[2024-09-17T11:21:19.754781-03:00] app_logger.DEBUG: Execução de Action {"controller":{"App\\Controllers\\IndexController":[]},"action":"IProjects","params":[]} []
[2024-09-17T11:21:20.069521-03:00] app_logger.DEBUG: Execução de Action {"controller":{"App\\Controllers\\IndexController":[]},"action":"IProjects","params":[]} []
[2024-09-17T11:21:20.286601-03:00] app_logger.DEBUG: Execução de Action {"controller":{"App\\Controllers\\IndexController":[]},"action":"IProjects","params":[]} []
[2024-09-17T11:21:20.477576-03:00] app_logger.DEBUG: Execução de Action {"controller":{"App\\Controllers\\IndexController":[]},"action":"IProjects","params":[]} []
[2024-09-17T11:21:20.605845-03:00] app_logger.DEBUG: Execução de Action {"controller":{"App\\Controllers\\IndexController":[]},"action":"IProjects","params":[]} []
[2024-09-17T11:21:20.771022-03:00] app_logger.DEBUG: Execução de Action {"controller":{"App\\Controllers\\IndexController":[]},"action":"IProjects","params":[]} []
[2024-09-17T11:21:20.921827-03:00] app_logger.DEBUG: Execução de Action {"controller":{"App\\Controllers\\IndexController":[]},"action":"IProjects","params":[]} []
[2024-09-17T11:21:21.073983-03:00] app_logger.DEBUG: Execução de Action {"controller":{"App\\Controllers\\IndexController":[]},"action":"IProjects","params":[]} []
[2024-09-17T11:21:21.236480-03:00] app_logger.DEBUG: Execução de Action {"controller":{"App\\Controllers\\IndexController":[]},"action":"IProjects","params":[]} []
[2024-09-17T11:21:21.387831-03:00] app_logger.DEBUG: Execução de Action {"controller":{"App\\Controllers\\IndexController":[]},"action":"IProjects","params":[]} []
[2024-09-17T11:21:21.538054-03:00] app_logger.DEBUG: Execução de Action {"controller":{"App\\Controllers\\IndexController":[]},"action":"IProjects","params":[]} []
[2024-09-17T11:21:21.700161-03:00] app_logger.DEBUG: Execução de Action {"controller":{"App\\Controllers\\IndexController":[]},"action":"IProjects","params":[]} []
[2024-09-17T11:21:21.851203-03:00] app_logger.DEBUG: Execução de Action {"controller":{"App\\Controllers\\IndexController":[]},"action":"IProjects","params":[]} []
[2024-09-17T11:21:22.021680-03:00] app_logger.DEBUG: Execução de Action {"controller":{"App\\Controllers\\IndexController":[]},"action":"IProjects","params":[]} []
[2024-09-17T11:21:22.173375-03:00] app_logger.DEBUG: Execução de Action {"controller":{"App\\Controllers\\IndexController":[]},"action":"IProjects","params":[]} []
[2024-09-17T11:21:22.342942-03:00] app_logger.DEBUG: Execução de Action {"controller":{"App\\Controllers\\IndexController":[]},"action":"IProjects","params":[]} []
[2024-09-17T11:21:29.208633-03:00] app_logger.DEBUG: Execução de Action {"controller":{"App\\Controllers\\IndexController":[]},"action":"IProjects","params":[]} []
[2024-09-17T11:21:29.523522-03:00] app_logger.DEBUG: Execução de Action {"controller":{"App\\Controllers\\IndexController":[]},"action":"IProjects","params":[]} []
[2024-09-17T11:21:29.700506-03:00] app_logger.DEBUG: Execução de Action {"controller":{"App\\Controllers\\IndexController":[]},"action":"IProjects","params":[]} []
[2024-09-17T11:21:30.521256-03:00] app_logger.DEBUG: Execução de Action {"controller":{"App\\Controllers\\IndexController":[]},"action":"IProjects","params":[]} []
[2024-09-17T11:21:30.974818-03:00] app_logger.DEBUG: Execução de Action {"controller":{"App\\Controllers\\IndexController":[]},"action":"IProjects","params":[]} []
[2024-09-17T11:22:02.380235-03:00] app_logger.DEBUG: Execução de Action {"controller":{"App\\Controllers\\IndexController":[]},"action":"IProjects","params":[]} []
[2024-09-17T11:22:02.773464-03:00] app_logger.DEBUG: Execução de Action {"controller":{"App\\Controllers\\IndexController":[]},"action":"IProjects","params":[]} []
[2024-09-17T11:22:02.961227-03:00] app_logger.DEBUG: Execução de Action {"controller":{"App\\Controllers\\IndexController":[]},"action":"IProjects","params":[]} []
[2024-09-17T11:22:03.135916-03:00] app_logger.DEBUG: Execução de Action {"controller":{"App\\Controllers\\IndexController":[]},"action":"IProjects","params":[]} []
[2024-09-17T11:22:03.283255-03:00] app_logger.DEBUG: Execução de Action {"controller":{"App\\Controllers\\IndexController":[]},"action":"IProjects","params":[]} []
[2024-09-17T11:22:03.442758-03:00] app_logger.DEBUG: Execução de Action {"controller":{"App\\Controllers\\IndexController":[]},"action":"IProjects","params":[]} []
[2024-09-17T11:22:03.586469-03:00] app_logger.DEBUG: Execução de Action {"controller":{"App\\Controllers\\IndexController":[]},"action":"IProjects","params":[]} []
[2024-09-17T11:22:03.740631-03:00] app_logger.DEBUG: Execução de Action {"controller":{"App\\Controllers\\IndexController":[]},"action":"IProjects","params":[]} []
[2024-09-17T11:22:03.875387-03:00] app_logger.DEBUG: Execução de Action {"controller":{"App\\Controllers\\IndexController":[]},"action":"IProjects","params":[]} []
[2024-09-17T11:22:04.013754-03:00] app_logger.DEBUG: Execução de Action {"controller":{"App\\Controllers\\IndexController":[]},"action":"IProjects","params":[]} []
[2024-09-17T11:22:04.149006-03:00] app_logger.DEBUG: Execução de Action {"controller":{"App\\Controllers\\IndexController":[]},"action":"IProjects","params":[]} []
[2024-09-17T11:22:04.294552-03:00] app_logger.DEBUG: Execução de Action {"controller":{"App\\Controllers\\IndexController":[]},"action":"IProjects","params":[]} []
[2024-09-17T11:22:04.446641-03:00] app_logger.DEBUG: Execução de Action {"controller":{"App\\Controllers\\IndexController":[]},"action":"IProjects","params":[]} []
[2024-09-17T11:22:04.596554-03:00] app_logger.DEBUG: Execução de Action {"controller":{"App\\Controllers\\IndexController":[]},"action":"IProjects","params":[]} []
[2024-09-17T11:22:04.699651-03:00] app_logger.DEBUG: Execução de Action {"controller":{"App\\Controllers\\IndexController":[]},"action":"IProjects","params":[]} []
[2024-09-17T11:22:04.858616-03:00] app_logger.DEBUG: Execução de Action {"controller":{"App\\Controllers\\IndexController":[]},"action":"IProjects","params":[]} []
[2024-09-17T11:22:05.006766-03:00] app_logger.DEBUG: Execução de Action {"controller":{"App\\Controllers\\IndexController":[]},"action":"IProjects","params":[]} []
[2024-09-17T11:22:05.161281-03:00] app_logger.DEBUG: Execução de Action {"controller":{"App\\Controllers\\IndexController":[]},"action":"IProjects","params":[]} []
[2024-09-17T11:22:05.304142-03:00] app_logger.DEBUG: Execução de Action {"controller":{"App\\Controllers\\IndexController":[]},"action":"IProjects","params":[]} []
[2024-09-17T11:22:05.437225-03:00] app_logger.DEBUG: Execução de Action {"controller":{"App\\Controllers\\IndexController":[]},"action":"IProjects","params":[]} []
[2024-09-17T11:22:27.173958-03:00] app_logger.DEBUG: Execução de Action {"controller":{"App\\Controllers\\IndexController":[]},"action":"IProjects","params":[]} []
[2024-09-17T11:22:32.586551-03:00] app_logger.DEBUG: Execução de Action {"controller":{"App\\Controllers\\IndexController":[]},"action":"IProjects","params":[]} []
[2024-09-17T11:22:32.947755-03:00] app_logger.DEBUG: Execução de Action {"controller":{"App\\Controllers\\IndexController":[]},"action":"IProjects","params":[]} []
[2024-09-17T11:22:33.170668-03:00] app_logger.DEBUG: Execução de Action {"controller":{"App\\Controllers\\IndexController":[]},"action":"IProjects","params":[]} []
[2024-09-17T11:22:33.320349-03:00] app_logger.DEBUG: Execução de Action {"controller":{"App\\Controllers\\IndexController":[]},"action":"IProjects","params":[]} []
[2024-09-17T11:22:33.473654-03:00] app_logger.DEBUG: Execução de Action {"controller":{"App\\Controllers\\IndexController":[]},"action":"IProjects","params":[]} []
[2024-09-17T11:22:33.616417-03:00] app_logger.DEBUG: Execução de Action {"controller":{"App\\Controllers\\IndexController":[]},"action":"IProjects","params":[]} []
[2024-09-17T11:22:33.771649-03:00] app_logger.DEBUG: Execução de Action {"controller":{"App\\Controllers\\IndexController":[]},"action":"IProjects","params":[]} []
[2024-09-17T11:22:33.911982-03:00] app_logger.DEBUG: Execução de Action {"controller":{"App\\Controllers\\IndexController":[]},"action":"IProjects","params":[]} []
[2024-09-17T11:22:34.058549-03:00] app_logger.DEBUG: Execução de Action {"controller":{"App\\Controllers\\IndexController":[]},"action":"IProjects","params":[]} []
[2024-09-17T11:22:34.193176-03:00] app_logger.DEBUG: Execução de Action {"controller":{"App\\Controllers\\IndexController":[]},"action":"IProjects","params":[]} []
[2024-09-17T11:22:34.344403-03:00] app_logger.DEBUG: Execução de Action {"controller":{"App\\Controllers\\IndexController":[]},"action":"IProjects","params":[]} []
[2024-09-17T11:22:34.487768-03:00] app_logger.DEBUG: Execução de Action {"controller":{"App\\Controllers\\IndexController":[]},"action":"IProjects","params":[]} []
[2024-09-17T11:22:34.636404-03:00] app_logger.DEBUG: Execução de Action {"controller":{"App\\Controllers\\IndexController":[]},"action":"IProjects","params":[]} []
[2024-09-17T11:22:34.810334-03:00] app_logger.DEBUG: Execução de Action {"controller":{"App\\Controllers\\IndexController":[]},"action":"IProjects","params":[]} []
[2024-09-17T11:22:34.955101-03:00] app_logger.DEBUG: Execução de Action {"controller":{"App\\Controllers\\IndexController":[]},"action":"IProjects","params":[]} []
[2024-09-17T11:22:35.114246-03:00] app_logger.DEBUG: Execução de Action {"controller":{"App\\Controllers\\IndexController":[]},"action":"IProjects","params":[]} []
[2024-09-17T11:22:35.263312-03:00] app_logger.DEBUG: Execução de Action {"controller":{"App\\Controllers\\IndexController":[]},"action":"IProjects","params":[]} []
[2024-09-17T11:22:35.435398-03:00] app_logger.DEBUG: Execução de Action {"controller":{"App\\Controllers\\IndexController":[]},"action":"IProjects","params":[]} []
[2024-09-17T11:26:41.617202-03:00] app_logger.DEBUG: Execução de Action {"controller":{"App\\Controllers\\IndexController":[]},"action":"IProjects","params":[]} []
[2024-09-17T11:26:43.022860-03:00] app_logger.DEBUG: Execução de Action {"controller":{"App\\Controllers\\IndexController":[]},"action":"IHome","params":[]} []
[2024-09-17T11:26:46.438099-03:00] app_logger.DEBUG: Execução de Action {"controller":{"App\\Controllers\\IndexController":[]},"action":"IHome","params":[]} []
[2024-09-17T11:26:55.232618-03:00] app_logger.DEBUG: Execução de Action {"controller":{"App\\Controllers\\IndexController":[]},"action":"IHome","params":[]} []
[2024-09-17T11:26:55.388932-03:00] app_logger.DEBUG: Execução de Action {"controller":{"App\\Controllers\\IndexController":[]},"action":"IHome","params":[]} []
[2024-09-17T11:26:55.547714-03:00] app_logger.DEBUG: Execução de Action {"controller":{"App\\Controllers\\IndexController":[]},"action":"IHome","params":[]} []
[2024-09-17T11:26:55.699519-03:00] app_logger.DEBUG: Execução de Action {"controller":{"App\\Controllers\\IndexController":[]},"action":"IHome","params":[]} []
[2024-09-17T11:26:56.145311-03:00] app_logger.DEBUG: Execução de Action {"controller":{"App\\Controllers\\IndexController":[]},"action":"IHome","params":[]} []
[2024-09-17T11:26:56.846302-03:00] app_logger.DEBUG: Execução de Action {"controller":{"App\\Controllers\\IndexController":[]},"action":"IProjects","params":[]} []
[2024-09-17T11:26:57.580444-03:00] app_logger.DEBUG: Execução de Action {"controller":{"App\\Controllers\\IndexController":[]},"action":"IProjects","params":[]} []
[2024-09-17T11:26:58.497541-03:00] app_logger.DEBUG: Execução de Action {"controller":{"App\\Controllers\\IndexController":[]},"action":"IProjects","params":[]} []
[2024-09-17T11:26:59.615270-03:00] app_logger.DEBUG: Execução de Action {"controller":{"App\\Controllers\\IndexController":[]},"action":"IHome","params":[]} []
[2024-09-17T11:28:43.821596-03:00] app_logger.DEBUG: Execução de Action {"controller":{"App\\Controllers\\IndexController":[]},"action":"IHome","params":[]} []
[2024-09-17T11:28:44.339882-03:00] app_logger.DEBUG: Execução de Action {"controller":{"App\\Controllers\\IndexController":[]},"action":"IHome","params":[]} []
[2024-09-17T11:28:44.542077-03:00] app_logger.DEBUG: Execução de Action {"controller":{"App\\Controllers\\IndexController":[]},"action":"IHome","params":[]} []
[2024-09-17T11:28:44.725925-03:00] app_logger.DEBUG: Execução de Action {"controller":{"App\\Controllers\\IndexController":[]},"action":"IHome","params":[]} []
[2024-09-17T11:28:44.922620-03:00] app_logger.DEBUG: Execução de Action {"controller":{"App\\Controllers\\IndexController":[]},"action":"IHome","params":[]} []
[2024-09-17T11:28:45.095388-03:00] app_logger.DEBUG: Execução de Action {"controller":{"App\\Controllers\\IndexController":[]},"action":"IHome","params":[]} []
[2024-09-17T11:28:46.110149-03:00] app_logger.DEBUG: Execução de Action {"controller":{"App\\Controllers\\IndexController":[]},"action":"IHome","params":[]} []
[2024-09-17T11:28:46.309405-03:00] app_logger.DEBUG: Execução de Action {"controller":{"App\\Controllers\\IndexController":[]},"action":"IHome","params":[]} []
[2024-09-17T11:28:46.505555-03:00] app_logger.DEBUG: Execução de Action {"controller":{"App\\Controllers\\IndexController":[]},"action":"IHome","params":[]} []
[2024-09-17T11:28:51.673828-03:00] app_logger.DEBUG: Execução de Action {"controller":{"App\\Controllers\\IndexController":[]},"action":"IProjects","params":[]} []
[2024-09-17T11:28:52.884739-03:00] app_logger.DEBUG: Execução de Action {"controller":{"App\\Controllers\\IndexController":[]},"action":"IHome","params":[]} []
[2024-09-17T11:29:27.609097-03:00] app_logger.DEBUG: Execução de Action {"controller":{"App\\Controllers\\IndexController":[]},"action":"IHome","params":[]} []
[2024-09-17T11:29:29.596759-03:00] app_logger.DEBUG: Execução de Action {"controller":{"App\\Controllers\\IndexController":[]},"action":"IProjects","params":[]} []
[2024-09-17T11:29:30.388352-03:00] app_logger.DEBUG: Execução de Action {"controller":{"App\\Controllers\\IndexController":[]},"action":"IHome","params":[]} []
